2023-05-12 10:18:13,198 - Discovery - Open Intent Discovery Begin...
2023-05-12 10:18:13,199 - Discovery - Parameters Initialization...
2023-05-12 10:18:13,244 - Discovery - ============================== Params ==============================
2023-05-12 10:18:13,244 - Discovery - type:	open_intent_discovery
2023-05-12 10:18:13,244 - Discovery - logger_name:	Discovery
2023-05-12 10:18:13,244 - Discovery - log_dir:	logs
2023-05-12 10:18:13,244 - Discovery - dataset:	banking
2023-05-12 10:18:13,245 - Discovery - known_cls_ratio:	0.5
2023-05-12 10:18:13,245 - Discovery - labeled_ratio:	0.1
2023-05-12 10:18:13,245 - Discovery - cluster_num_factor:	1.0
2023-05-12 10:18:13,245 - Discovery - method:	DeepAligned
2023-05-12 10:18:13,245 - Discovery - train:	True
2023-05-12 10:18:13,245 - Discovery - save_model:	False
2023-05-12 10:18:13,245 - Discovery - backbone:	bert_mix
2023-05-12 10:18:13,245 - Discovery - setting:	semi_supervised
2023-05-12 10:18:13,245 - Discovery - config_file_name:	DeepAligned
2023-05-12 10:18:13,245 - Discovery - seed:	0
2023-05-12 10:18:13,245 - Discovery - temp:	0.3
2023-05-12 10:18:13,245 - Discovery - gpu_id:	0
2023-05-12 10:18:13,245 - Discovery - pipe_results_path:	pipe_results
2023-05-12 10:18:13,245 - Discovery - data_dir:	/home/zhangpanpan/workspace/task/2022/09/testing/open_intent_discovery_20230417_bert_mix/../data
2023-05-12 10:18:13,246 - Discovery - output_dir:	/home/zhangpanpan/workspace/task/2022/09/testing/open_intent_discovery_20230417_bert_mix/../outputs
2023-05-12 10:18:13,246 - Discovery - model_dir:	models
2023-05-12 10:18:13,246 - Discovery - result_dir:	results
2023-05-12 10:18:13,246 - Discovery - results_file_name:	results_DeepAligned_2mix_banking_50_20230512.csv
2023-05-12 10:18:13,246 - Discovery - save_results:	True
2023-05-12 10:18:13,246 - Discovery - task_output_dir:	/home/zhangpanpan/workspace/task/2022/09/testing/open_intent_discovery_20230417_bert_mix/../outputs/open_intent_discovery
2023-05-12 10:18:13,246 - Discovery - method_output_dir:	/home/zhangpanpan/workspace/task/2022/09/testing/open_intent_discovery_20230417_bert_mix/../outputs/open_intent_discovery/DeepAligned_banking_0.5_0.1_bert_mix_0
2023-05-12 10:18:13,246 - Discovery - model_output_dir:	/home/zhangpanpan/workspace/task/2022/09/testing/open_intent_discovery_20230417_bert_mix/../outputs/open_intent_discovery/DeepAligned_banking_0.5_0.1_bert_mix_0/models
2023-05-12 10:18:13,246 - Discovery - bert_model:	/home/zhangpanpan/downloads/lib/pretrained_models/uncased_L-12_H-768_A-12/
2023-05-12 10:18:13,246 - Discovery - max_seq_length:	None
2023-05-12 10:18:13,246 - Discovery - num_pretrain_epochs:	100
2023-05-12 10:18:13,246 - Discovery - num_train_epochs:	100
2023-05-12 10:18:13,246 - Discovery - num_labels:	None
2023-05-12 10:18:13,247 - Discovery - freeze_bert_parameters:	True
2023-05-12 10:18:13,247 - Discovery - feat_dim:	768
2023-05-12 10:18:13,247 - Discovery - warmup_proportion:	0.1
2023-05-12 10:18:13,247 - Discovery - lr_pre:	5e-05
2023-05-12 10:18:13,247 - Discovery - lr:	5e-05
2023-05-12 10:18:13,247 - Discovery - loss_fct:	CrossEntropyLoss
2023-05-12 10:18:13,247 - Discovery - activation:	tanh
2023-05-12 10:18:13,247 - Discovery - train_batch_size:	128
2023-05-12 10:18:13,247 - Discovery - eval_batch_size:	64
2023-05-12 10:18:13,247 - Discovery - test_batch_size:	64
2023-05-12 10:18:13,247 - Discovery - wait_patient:	20
2023-05-12 10:18:13,247 - Discovery - ============================== End Params ==============================
2023-05-12 10:18:13,247 - Discovery - Data and Model Preparation...
2023-05-12 10:18:13,277 - Discovery - The number of known intents is 38
2023-05-12 10:18:13,279 - Discovery - Lists of known labels are: ['pending_top_up', 'why_verify_identity', 'top_up_failed', 'supported_cards_and_currencies', 'exchange_via_app', 'declined_card_payment', 'unable_to_verify_identity', 'exchange_rate', 'passcode_forgotten', 'verify_my_identity', 'declined_cash_withdrawal', 'top_up_limits', 'apple_pay_or_google_pay', 'lost_or_stolen_card', 'lost_or_stolen_phone', 'balance_not_updated_after_cheque_or_cash_deposit', 'change_pin', 'getting_virtual_card', 'pin_blocked', 'get_disposable_virtual_card', 'top_up_reverted', 'reverted_card_payment?', 'topping_up_by_card', 'top_up_by_bank_transfer_charge', 'virtual_card_not_working', 'balance_not_updated_after_bank_transfer', 'request_refund', 'verify_source_of_funds', 'atm_support', 'disposable_card_limits', 'pending_transfer', 'age_limit', 'declined_transfer', 'card_acceptance', 'compromised_card', 'card_about_to_expire', 'edit_personal_details', 'getting_spare_card']
2023-05-12 10:18:13,847 - Discovery - Number of labeled training samples = 413
2023-05-12 10:18:13,847 - Discovery - Number of unlabeled training samples = 8590
2023-05-12 10:18:13,850 - Discovery - Number of evaluation samples = 458
2023-05-12 10:18:13,856 - Discovery - Number of testing samples = 3080
2023-05-12 10:18:22,286 - Discovery - Freeze all parameters but the last layer for efficiency
2023-05-12 10:19:06,935 - Discovery - Freeze all parameters but the last layer for efficiency
2023-05-12 10:19:07,036 - Discovery - Pre-raining start...
2023-05-12 10:19:08,998 - Discovery - ***** Epoch: 1: Eval results *****
2023-05-12 10:19:08,998 - Discovery -   best_score = 0
2023-05-12 10:19:08,998 - Discovery -   eval_score = 1.75
2023-05-12 10:19:08,998 - Discovery -   train_loss = 3.6422033309936523
2023-05-12 10:19:10,266 - Discovery - ***** Epoch: 2: Eval results *****
2023-05-12 10:19:10,266 - Discovery -   best_score = 1.75
2023-05-12 10:19:10,266 - Discovery -   eval_score = 4.15
2023-05-12 10:19:10,266 - Discovery -   train_loss = 3.6237834692001343
2023-05-12 10:19:11,565 - Discovery - ***** Epoch: 3: Eval results *****
2023-05-12 10:19:11,566 - Discovery -   best_score = 4.15
2023-05-12 10:19:11,566 - Discovery -   eval_score = 12.88
2023-05-12 10:19:11,566 - Discovery -   train_loss = 3.5880847573280334
2023-05-12 10:19:12,879 - Discovery - ***** Epoch: 4: Eval results *****
2023-05-12 10:19:12,879 - Discovery -   best_score = 12.88
2023-05-12 10:19:12,879 - Discovery -   eval_score = 17.03
2023-05-12 10:19:12,879 - Discovery -   train_loss = 3.524726450443268
2023-05-12 10:19:14,195 - Discovery - ***** Epoch: 5: Eval results *****
2023-05-12 10:19:14,195 - Discovery -   best_score = 17.03
2023-05-12 10:19:14,195 - Discovery -   eval_score = 21.62
2023-05-12 10:19:14,195 - Discovery -   train_loss = 3.4236592054367065
2023-05-12 10:19:15,511 - Discovery - ***** Epoch: 6: Eval results *****
2023-05-12 10:19:15,511 - Discovery -   best_score = 21.62
2023-05-12 10:19:15,511 - Discovery -   eval_score = 32.75
2023-05-12 10:19:15,511 - Discovery -   train_loss = 3.231982469558716
2023-05-12 10:19:16,836 - Discovery - ***** Epoch: 7: Eval results *****
2023-05-12 10:19:16,836 - Discovery -   best_score = 32.75
2023-05-12 10:19:16,836 - Discovery -   eval_score = 46.29
2023-05-12 10:19:16,836 - Discovery -   train_loss = 2.937647759914398
2023-05-12 10:19:18,183 - Discovery - ***** Epoch: 8: Eval results *****
2023-05-12 10:19:18,183 - Discovery -   best_score = 46.29
2023-05-12 10:19:18,183 - Discovery -   eval_score = 53.28
2023-05-12 10:19:18,183 - Discovery -   train_loss = 2.4908878207206726
2023-05-12 10:19:19,554 - Discovery - ***** Epoch: 9: Eval results *****
2023-05-12 10:19:19,554 - Discovery -   best_score = 53.28
2023-05-12 10:19:19,554 - Discovery -   eval_score = 63.1
2023-05-12 10:19:19,554 - Discovery -   train_loss = 1.9298243820667267
2023-05-12 10:19:20,935 - Discovery - ***** Epoch: 10: Eval results *****
2023-05-12 10:19:20,935 - Discovery -   best_score = 63.1
2023-05-12 10:19:20,935 - Discovery -   eval_score = 66.16
2023-05-12 10:19:20,935 - Discovery -   train_loss = 1.507893145084381
2023-05-12 10:19:22,310 - Discovery - ***** Epoch: 11: Eval results *****
2023-05-12 10:19:22,311 - Discovery -   best_score = 66.16
2023-05-12 10:19:22,311 - Discovery -   eval_score = 72.27
2023-05-12 10:19:22,311 - Discovery -   train_loss = 1.2015547454357147
2023-05-12 10:19:23,696 - Discovery - ***** Epoch: 12: Eval results *****
2023-05-12 10:19:23,696 - Discovery -   best_score = 72.27
2023-05-12 10:19:23,696 - Discovery -   eval_score = 74.67
2023-05-12 10:19:23,696 - Discovery -   train_loss = 0.885324090719223
2023-05-12 10:19:25,079 - Discovery - ***** Epoch: 13: Eval results *****
2023-05-12 10:19:25,079 - Discovery -   best_score = 74.67
2023-05-12 10:19:25,079 - Discovery -   eval_score = 77.07
2023-05-12 10:19:25,079 - Discovery -   train_loss = 0.7356503009796143
2023-05-12 10:19:26,466 - Discovery - ***** Epoch: 14: Eval results *****
2023-05-12 10:19:26,466 - Discovery -   best_score = 77.07
2023-05-12 10:19:26,466 - Discovery -   eval_score = 80.13
2023-05-12 10:19:26,466 - Discovery -   train_loss = 0.5694870501756668
2023-05-12 10:19:26,481 - Discovery - Pre-training finished...
2023-05-12 10:19:26,490 - Discovery - Training Begin...
2023-05-12 10:22:53,322 - Discovery - ***** Epoch: 1: Eval results *****
2023-05-12 10:22:53,322 - Discovery -   best_cluster_silhouette_score = 0.15293713
2023-05-12 10:22:53,322 - Discovery -   cluster_silhouette_score = 0.15829257224125928
2023-05-12 10:22:53,322 - Discovery -   train_loss = 4.226895637915168
2023-05-12 10:24:37,034 - Discovery - ***** Epoch: 2: Eval results *****
2023-05-12 10:24:37,034 - Discovery -   best_cluster_silhouette_score = 0.15923357
2023-05-12 10:24:37,034 - Discovery -   cluster_silhouette_score = 0.1727845338665744
2023-05-12 10:24:37,034 - Discovery -   train_loss = 3.4026275016892122
2023-05-12 10:26:17,630 - Discovery - ***** Epoch: 3: Eval results *****
2023-05-12 10:26:17,631 - Discovery -   best_cluster_silhouette_score = 0.17409666
2023-05-12 10:26:17,631 - Discovery -   cluster_silhouette_score = 0.19252068127266167
2023-05-12 10:26:17,631 - Discovery -   train_loss = 2.5065877756602326
2023-05-12 10:27:40,657 - Discovery - ***** Epoch: 4: Eval results *****
2023-05-12 10:27:40,657 - Discovery -   best_cluster_silhouette_score = 0.19353984
2023-05-12 10:27:40,658 - Discovery -   cluster_silhouette_score = 0.22914016330928738
2023-05-12 10:27:40,658 - Discovery -   train_loss = 1.9275270918725242
2023-05-12 10:29:09,414 - Discovery - ***** Epoch: 5: Eval results *****
2023-05-12 10:29:09,414 - Discovery -   best_cluster_silhouette_score = 0.2306116
2023-05-12 10:29:09,414 - Discovery -   cluster_silhouette_score = 0.25555450715163747
2023-05-12 10:29:09,414 - Discovery -   train_loss = 1.4559224709658556
2023-05-12 10:30:27,114 - Discovery - ***** Epoch: 6: Eval results *****
2023-05-12 10:30:27,114 - Discovery -   best_cluster_silhouette_score = 0.2566796
2023-05-12 10:30:27,114 - Discovery -   cluster_silhouette_score = 0.2791218313732254
2023-05-12 10:30:27,114 - Discovery -   train_loss = 1.1701843830901133
2023-05-12 10:31:45,402 - Discovery - ***** Epoch: 7: Eval results *****
2023-05-12 10:31:45,402 - Discovery -   best_cluster_silhouette_score = 0.28017363
2023-05-12 10:31:45,402 - Discovery -   cluster_silhouette_score = 0.31486481735841454
2023-05-12 10:31:45,402 - Discovery -   train_loss = 0.9383804865286384
2023-05-12 10:32:58,311 - Discovery - ***** Epoch: 8: Eval results *****
2023-05-12 10:32:58,311 - Discovery -   best_cluster_silhouette_score = 0.3161363
2023-05-12 10:32:58,311 - Discovery -   cluster_silhouette_score = 0.3329980511503579
2023-05-12 10:32:58,311 - Discovery -   train_loss = 0.7297598560091475
2023-05-12 10:34:14,729 - Discovery - ***** Epoch: 9: Eval results *****
2023-05-12 10:34:14,729 - Discovery -   best_cluster_silhouette_score = 0.3341186
2023-05-12 10:34:14,729 - Discovery -   cluster_silhouette_score = 0.34341173434732486
2023-05-12 10:34:14,729 - Discovery -   train_loss = 0.5809789354532537
2023-05-12 10:35:32,984 - Discovery - ***** Epoch: 10: Eval results *****
2023-05-12 10:35:32,984 - Discovery -   best_cluster_silhouette_score = 0.34439567
2023-05-12 10:35:32,985 - Discovery -   cluster_silhouette_score = 0.36320942402244216
2023-05-12 10:35:32,985 - Discovery -   train_loss = 0.5015644666174768
2023-05-12 10:36:42,593 - Discovery - ***** Epoch: 11: Eval results *****
2023-05-12 10:36:42,593 - Discovery -   best_cluster_silhouette_score = 0.36443728
2023-05-12 10:36:42,593 - Discovery -   cluster_silhouette_score = 0.37147353958058477
2023-05-12 10:36:42,593 - Discovery -   train_loss = 0.5441449410478834
2023-05-12 10:37:47,141 - Discovery - ***** Epoch: 12: Eval results *****
2023-05-12 10:37:47,142 - Discovery -   best_cluster_silhouette_score = 0.37263814
2023-05-12 10:37:47,142 - Discovery -   cluster_silhouette_score = 0.37856141484329764
2023-05-12 10:37:47,142 - Discovery -   train_loss = 0.4838547723394045
2023-05-12 10:38:58,559 - Discovery - ***** Epoch: 13: Eval results *****
2023-05-12 10:38:58,559 - Discovery -   best_cluster_silhouette_score = 0.37946278
2023-05-12 10:38:58,559 - Discovery -   cluster_silhouette_score = 0.3857277084592285
2023-05-12 10:38:58,559 - Discovery -   train_loss = 0.47052492558116643
2023-05-12 10:40:05,047 - Discovery - ***** Epoch: 14: Eval results *****
2023-05-12 10:40:05,047 - Discovery -   best_cluster_silhouette_score = 0.3866054
2023-05-12 10:40:05,047 - Discovery -   cluster_silhouette_score = 0.3949993012575226
2023-05-12 10:40:05,047 - Discovery -   train_loss = 0.401146015021163
2023-05-12 10:41:11,795 - Discovery - ***** Epoch: 15: Eval results *****
2023-05-12 10:41:11,795 - Discovery -   best_cluster_silhouette_score = 0.39586195
2023-05-12 10:41:11,795 - Discovery -   cluster_silhouette_score = 0.40279297731303365
2023-05-12 10:41:11,795 - Discovery -   train_loss = 0.4144574917957816
2023-05-12 10:42:21,909 - Discovery - ***** Epoch: 16: Eval results *****
2023-05-12 10:42:21,910 - Discovery -   best_cluster_silhouette_score = 0.40380058
2023-05-12 10:42:21,910 - Discovery -   cluster_silhouette_score = 0.39854228575160827
2023-05-12 10:42:21,910 - Discovery -   train_loss = 0.43436848529627625
2023-05-12 10:43:30,012 - Discovery - ***** Epoch: 17: Eval results *****
2023-05-12 10:43:30,012 - Discovery -   best_cluster_silhouette_score = 0.40380058
2023-05-12 10:43:30,012 - Discovery -   cluster_silhouette_score = 0.4087016372089775
2023-05-12 10:43:30,012 - Discovery -   train_loss = 0.4040713125551251
2023-05-12 10:44:42,393 - Discovery - ***** Epoch: 18: Eval results *****
2023-05-12 10:44:42,393 - Discovery -   best_cluster_silhouette_score = 0.40974277
2023-05-12 10:44:42,393 - Discovery -   cluster_silhouette_score = 0.4134731899694908
2023-05-12 10:44:42,393 - Discovery -   train_loss = 0.34644644969785715
2023-05-12 10:45:51,207 - Discovery - ***** Epoch: 19: Eval results *****
2023-05-12 10:45:51,207 - Discovery -   best_cluster_silhouette_score = 0.4143568
2023-05-12 10:45:51,207 - Discovery -   cluster_silhouette_score = 0.41703183543410405
2023-05-12 10:45:51,207 - Discovery -   train_loss = 0.35731632860613544
2023-05-12 10:47:02,523 - Discovery - ***** Epoch: 20: Eval results *****
2023-05-12 10:47:02,523 - Discovery -   best_cluster_silhouette_score = 0.4181456
2023-05-12 10:47:02,523 - Discovery -   cluster_silhouette_score = 0.4198155583399736
2023-05-12 10:47:02,523 - Discovery -   train_loss = 0.3859272899342255
2023-05-12 10:48:16,370 - Discovery - ***** Epoch: 21: Eval results *****
2023-05-12 10:48:16,370 - Discovery -   best_cluster_silhouette_score = 0.42075005
2023-05-12 10:48:16,370 - Discovery -   cluster_silhouette_score = 0.4339355077736611
2023-05-12 10:48:16,370 - Discovery -   train_loss = 0.34712400339858634
2023-05-12 10:49:31,703 - Discovery - ***** Epoch: 22: Eval results *****
2023-05-12 10:49:31,703 - Discovery -   best_cluster_silhouette_score = 0.43499553
2023-05-12 10:49:31,703 - Discovery -   cluster_silhouette_score = 0.4209565947515854
2023-05-12 10:49:31,703 - Discovery -   train_loss = 0.367031830927016
2023-05-12 10:50:45,267 - Discovery - ***** Epoch: 23: Eval results *****
2023-05-12 10:50:45,267 - Discovery -   best_cluster_silhouette_score = 0.43499553
2023-05-12 10:50:45,267 - Discovery -   cluster_silhouette_score = 0.42671892559990493
2023-05-12 10:50:45,267 - Discovery -   train_loss = 0.3296632650242725
2023-05-12 10:52:08,156 - Discovery - ***** Epoch: 24: Eval results *****
2023-05-12 10:52:08,156 - Discovery -   best_cluster_silhouette_score = 0.43499553
2023-05-12 10:52:08,157 - Discovery -   cluster_silhouette_score = 0.4354002440525355
2023-05-12 10:52:08,157 - Discovery -   train_loss = 0.2856067877630113
2023-05-12 10:53:29,220 - Discovery - ***** Epoch: 25: Eval results *****
2023-05-12 10:53:29,220 - Discovery -   best_cluster_silhouette_score = 0.4364953
2023-05-12 10:53:29,220 - Discovery -   cluster_silhouette_score = 0.44986509134160435
2023-05-12 10:53:29,220 - Discovery -   train_loss = 0.33717495140055537
2023-05-12 10:54:48,934 - Discovery - ***** Epoch: 26: Eval results *****
2023-05-12 10:54:48,935 - Discovery -   best_cluster_silhouette_score = 0.45125178
2023-05-12 10:54:48,935 - Discovery -   cluster_silhouette_score = 0.446260317731987
2023-05-12 10:54:48,935 - Discovery -   train_loss = 0.281355312487609
2023-05-12 10:56:11,033 - Discovery - ***** Epoch: 27: Eval results *****
2023-05-12 10:56:11,033 - Discovery -   best_cluster_silhouette_score = 0.45125178
2023-05-12 10:56:11,033 - Discovery -   cluster_silhouette_score = 0.44775400467801874
2023-05-12 10:56:11,033 - Discovery -   train_loss = 0.30609182950476527
2023-05-12 10:57:33,146 - Discovery - ***** Epoch: 28: Eval results *****
2023-05-12 10:57:33,146 - Discovery -   best_cluster_silhouette_score = 0.45125178
2023-05-12 10:57:33,146 - Discovery -   cluster_silhouette_score = 0.4442496365640228
2023-05-12 10:57:33,146 - Discovery -   train_loss = 0.27772576876089605
2023-05-12 10:58:57,077 - Discovery - ***** Epoch: 29: Eval results *****
2023-05-12 10:58:57,077 - Discovery -   best_cluster_silhouette_score = 0.45125178
2023-05-12 10:58:57,077 - Discovery -   cluster_silhouette_score = 0.45372416607855437
2023-05-12 10:58:57,077 - Discovery -   train_loss = 0.26319253549609384
2023-05-12 11:00:19,093 - Discovery - ***** Epoch: 30: Eval results *****
2023-05-12 11:00:19,093 - Discovery -   best_cluster_silhouette_score = 0.45479444
2023-05-12 11:00:19,093 - Discovery -   cluster_silhouette_score = 0.4546681247916668
2023-05-12 11:00:19,093 - Discovery -   train_loss = 0.26873370858145434
2023-05-12 11:01:41,378 - Discovery - ***** Epoch: 31: Eval results *****
2023-05-12 11:01:41,379 - Discovery -   best_cluster_silhouette_score = 0.45577776
2023-05-12 11:01:41,379 - Discovery -   cluster_silhouette_score = 0.44889371770099123
2023-05-12 11:01:41,379 - Discovery -   train_loss = 0.2482613966288701
2023-05-12 11:03:00,428 - Discovery - ***** Epoch: 32: Eval results *****
2023-05-12 11:03:00,428 - Discovery -   best_cluster_silhouette_score = 0.45577776
2023-05-12 11:03:00,428 - Discovery -   cluster_silhouette_score = 0.4480322100160077
2023-05-12 11:03:00,428 - Discovery -   train_loss = 0.2927991901065262
2023-05-12 11:04:20,914 - Discovery - ***** Epoch: 33: Eval results *****
2023-05-12 11:04:20,914 - Discovery -   best_cluster_silhouette_score = 0.45577776
2023-05-12 11:04:20,914 - Discovery -   cluster_silhouette_score = 0.445784211220414
2023-05-12 11:04:20,914 - Discovery -   train_loss = 0.3436368047981195
2023-05-12 11:05:39,193 - Discovery - ***** Epoch: 34: Eval results *****
2023-05-12 11:05:39,193 - Discovery -   best_cluster_silhouette_score = 0.45577776
2023-05-12 11:05:39,193 - Discovery -   cluster_silhouette_score = 0.4569601574803444
2023-05-12 11:05:39,193 - Discovery -   train_loss = 0.2716455703050318
2023-05-12 11:06:54,140 - Discovery - ***** Epoch: 35: Eval results *****
2023-05-12 11:06:54,140 - Discovery -   best_cluster_silhouette_score = 0.4578251
2023-05-12 11:06:54,140 - Discovery -   cluster_silhouette_score = 0.46802522607499164
2023-05-12 11:06:54,140 - Discovery -   train_loss = 0.2542768523726665
2023-05-12 11:08:06,990 - Discovery - ***** Epoch: 36: Eval results *****
2023-05-12 11:08:06,991 - Discovery -   best_cluster_silhouette_score = 0.46903387
2023-05-12 11:08:06,991 - Discovery -   cluster_silhouette_score = 0.4516950132750867
2023-05-12 11:08:06,991 - Discovery -   train_loss = 0.24659194346045105
2023-05-12 11:09:23,833 - Discovery - ***** Epoch: 37: Eval results *****
2023-05-12 11:09:23,833 - Discovery -   best_cluster_silhouette_score = 0.46903387
2023-05-12 11:09:23,833 - Discovery -   cluster_silhouette_score = 0.4656788519223039
2023-05-12 11:09:23,833 - Discovery -   train_loss = 0.27100505186638363
2023-05-12 11:10:42,782 - Discovery - ***** Epoch: 38: Eval results *****
2023-05-12 11:10:42,782 - Discovery -   best_cluster_silhouette_score = 0.46903387
2023-05-12 11:10:42,782 - Discovery -   cluster_silhouette_score = 0.4504255136583865
2023-05-12 11:10:42,782 - Discovery -   train_loss = 0.21498455810295025
2023-05-12 11:11:58,126 - Discovery - ***** Epoch: 39: Eval results *****
2023-05-12 11:11:58,127 - Discovery -   best_cluster_silhouette_score = 0.46903387
2023-05-12 11:11:58,127 - Discovery -   cluster_silhouette_score = 0.4743537097039497
2023-05-12 11:11:58,127 - Discovery -   train_loss = 0.28659436190632026
2023-05-12 11:13:09,010 - Discovery - ***** Epoch: 40: Eval results *****
2023-05-12 11:13:09,011 - Discovery -   best_cluster_silhouette_score = 0.47531834
2023-05-12 11:13:09,011 - Discovery -   cluster_silhouette_score = 0.4728195958164979
2023-05-12 11:13:09,011 - Discovery -   train_loss = 0.20276994478534643
2023-05-12 11:14:20,834 - Discovery - ***** Epoch: 41: Eval results *****
2023-05-12 11:14:20,834 - Discovery -   best_cluster_silhouette_score = 0.47531834
2023-05-12 11:14:20,834 - Discovery -   cluster_silhouette_score = 0.4720290835767536
2023-05-12 11:14:20,834 - Discovery -   train_loss = 0.17504556875833324
2023-05-12 11:15:31,781 - Discovery - ***** Epoch: 42: Eval results *****
2023-05-12 11:15:31,781 - Discovery -   best_cluster_silhouette_score = 0.47531834
2023-05-12 11:15:31,781 - Discovery -   cluster_silhouette_score = 0.46687734845836243
2023-05-12 11:15:31,781 - Discovery -   train_loss = 0.24992621322752726
2023-05-12 11:16:41,820 - Discovery - ***** Epoch: 43: Eval results *****
2023-05-12 11:16:41,820 - Discovery -   best_cluster_silhouette_score = 0.47531834
2023-05-12 11:16:41,821 - Discovery -   cluster_silhouette_score = 0.46056372610640417
2023-05-12 11:16:41,821 - Discovery -   train_loss = 0.25399019453727023
2023-05-12 11:17:54,395 - Discovery - ***** Epoch: 44: Eval results *****
2023-05-12 11:17:54,396 - Discovery -   best_cluster_silhouette_score = 0.47531834
2023-05-12 11:17:54,396 - Discovery -   cluster_silhouette_score = 0.46966499926215377
2023-05-12 11:17:54,396 - Discovery -   train_loss = 0.23450404510531628
2023-05-12 11:18:59,256 - Discovery - ***** Epoch: 45: Eval results *****
2023-05-12 11:18:59,256 - Discovery -   best_cluster_silhouette_score = 0.47531834
2023-05-12 11:18:59,256 - Discovery -   cluster_silhouette_score = 0.47872167919561043
2023-05-12 11:18:59,256 - Discovery -   train_loss = 0.22238559013521167
2023-05-12 11:20:04,185 - Discovery - ***** Epoch: 46: Eval results *****
2023-05-12 11:20:04,185 - Discovery -   best_cluster_silhouette_score = 0.4796166
2023-05-12 11:20:04,185 - Discovery -   cluster_silhouette_score = 0.46666863071368375
2023-05-12 11:20:04,186 - Discovery -   train_loss = 0.1320489883212976
2023-05-12 11:21:04,605 - Discovery - ***** Epoch: 47: Eval results *****
2023-05-12 11:21:04,606 - Discovery -   best_cluster_silhouette_score = 0.4796166
2023-05-12 11:21:04,606 - Discovery -   cluster_silhouette_score = 0.4693322439309291
2023-05-12 11:21:04,606 - Discovery -   train_loss = 0.2453088984942772
2023-05-12 11:22:05,695 - Discovery - ***** Epoch: 48: Eval results *****
2023-05-12 11:22:05,695 - Discovery -   best_cluster_silhouette_score = 0.4796166
2023-05-12 11:22:05,695 - Discovery -   cluster_silhouette_score = 0.48105854773685514
2023-05-12 11:22:05,695 - Discovery -   train_loss = 0.2841121093697951
2023-05-12 11:23:06,995 - Discovery - ***** Epoch: 49: Eval results *****
2023-05-12 11:23:06,995 - Discovery -   best_cluster_silhouette_score = 0.48198435
2023-05-12 11:23:06,995 - Discovery -   cluster_silhouette_score = 0.480892304655978
2023-05-12 11:23:06,996 - Discovery -   train_loss = 0.23221659282563437
2023-05-12 11:24:03,847 - Discovery - ***** Epoch: 50: Eval results *****
2023-05-12 11:24:03,847 - Discovery -   best_cluster_silhouette_score = 0.48198435
2023-05-12 11:24:03,847 - Discovery -   cluster_silhouette_score = 0.47358704623640585
2023-05-12 11:24:03,847 - Discovery -   train_loss = 0.23433786630630493
2023-05-12 11:25:02,894 - Discovery - ***** Epoch: 51: Eval results *****
2023-05-12 11:25:02,894 - Discovery -   best_cluster_silhouette_score = 0.48198435
2023-05-12 11:25:02,894 - Discovery -   cluster_silhouette_score = 0.4763992071571361
2023-05-12 11:25:02,894 - Discovery -   train_loss = 0.2522567792887419
2023-05-12 11:26:01,703 - Discovery - ***** Epoch: 52: Eval results *****
2023-05-12 11:26:01,703 - Discovery -   best_cluster_silhouette_score = 0.48198435
2023-05-12 11:26:01,703 - Discovery -   cluster_silhouette_score = 0.4795791294143531
2023-05-12 11:26:01,703 - Discovery -   train_loss = 0.2272149185899278
2023-05-12 11:26:59,258 - Discovery - ***** Epoch: 53: Eval results *****
2023-05-12 11:26:59,258 - Discovery -   best_cluster_silhouette_score = 0.48198435
2023-05-12 11:26:59,259 - Discovery -   cluster_silhouette_score = 0.4759104655110163
2023-05-12 11:26:59,259 - Discovery -   train_loss = 0.1667448287488709
2023-05-12 11:27:57,730 - Discovery - ***** Epoch: 54: Eval results *****
2023-05-12 11:27:57,730 - Discovery -   best_cluster_silhouette_score = 0.48198435
2023-05-12 11:27:57,730 - Discovery -   cluster_silhouette_score = 0.48020403858835875
2023-05-12 11:27:57,731 - Discovery -   train_loss = 0.2798786831783577
2023-05-12 11:28:57,473 - Discovery - ***** Epoch: 55: Eval results *****
2023-05-12 11:28:57,473 - Discovery -   best_cluster_silhouette_score = 0.48198435
2023-05-12 11:28:57,474 - Discovery -   cluster_silhouette_score = 0.4817944932127155
2023-05-12 11:28:57,474 - Discovery -   train_loss = 0.29820566099714224
2023-05-12 11:29:54,300 - Discovery - ***** Epoch: 56: Eval results *****
2023-05-12 11:29:54,301 - Discovery -   best_cluster_silhouette_score = 0.4829018
2023-05-12 11:29:54,301 - Discovery -   cluster_silhouette_score = 0.47505043975115085
2023-05-12 11:29:54,301 - Discovery -   train_loss = 0.21015298093708468
2023-05-12 11:30:49,661 - Discovery - ***** Epoch: 57: Eval results *****
2023-05-12 11:30:49,661 - Discovery -   best_cluster_silhouette_score = 0.4829018
2023-05-12 11:30:49,661 - Discovery -   cluster_silhouette_score = 0.47951137167672797
2023-05-12 11:30:49,661 - Discovery -   train_loss = 0.29355832986848457
2023-05-12 11:31:45,587 - Discovery - ***** Epoch: 58: Eval results *****
2023-05-12 11:31:45,587 - Discovery -   best_cluster_silhouette_score = 0.4829018
2023-05-12 11:31:45,587 - Discovery -   cluster_silhouette_score = 0.4698546098666585
2023-05-12 11:31:45,587 - Discovery -   train_loss = 0.2373277388618026
2023-05-12 11:32:46,798 - Discovery - ***** Epoch: 59: Eval results *****
2023-05-12 11:32:46,798 - Discovery -   best_cluster_silhouette_score = 0.4829018
2023-05-12 11:32:46,798 - Discovery -   cluster_silhouette_score = 0.47625822110412824
2023-05-12 11:32:46,798 - Discovery -   train_loss = 0.2559987024312288
2023-05-12 11:33:45,528 - Discovery - ***** Epoch: 60: Eval results *****
2023-05-12 11:33:45,528 - Discovery -   best_cluster_silhouette_score = 0.4829018
2023-05-12 11:33:45,528 - Discovery -   cluster_silhouette_score = 0.48403036945111644
2023-05-12 11:33:45,528 - Discovery -   train_loss = 0.2848331700538246
2023-05-12 11:34:48,510 - Discovery - ***** Epoch: 61: Eval results *****
2023-05-12 11:34:48,510 - Discovery -   best_cluster_silhouette_score = 0.484991
2023-05-12 11:34:48,510 - Discovery -   cluster_silhouette_score = 0.48447064056156763
2023-05-12 11:34:48,510 - Discovery -   train_loss = 0.2691001768263293
2023-05-12 11:35:45,934 - Discovery - ***** Epoch: 62: Eval results *****
2023-05-12 11:35:45,935 - Discovery -   best_cluster_silhouette_score = 0.48553407
2023-05-12 11:35:45,935 - Discovery -   cluster_silhouette_score = 0.4819349313610014
2023-05-12 11:35:45,935 - Discovery -   train_loss = 0.2030487320792507
2023-05-12 11:36:46,972 - Discovery - ***** Epoch: 63: Eval results *****
2023-05-12 11:36:46,972 - Discovery -   best_cluster_silhouette_score = 0.48553407
2023-05-12 11:36:46,972 - Discovery -   cluster_silhouette_score = 0.4759906131781402
2023-05-12 11:36:46,972 - Discovery -   train_loss = 0.20661029046480084
2023-05-12 11:37:43,652 - Discovery - ***** Epoch: 64: Eval results *****
2023-05-12 11:37:43,652 - Discovery -   best_cluster_silhouette_score = 0.48553407
2023-05-12 11:37:43,653 - Discovery -   cluster_silhouette_score = 0.47189609013939293
2023-05-12 11:37:43,653 - Discovery -   train_loss = 0.3106609745554521
2023-05-12 11:38:43,504 - Discovery - ***** Epoch: 65: Eval results *****
2023-05-12 11:38:43,504 - Discovery -   best_cluster_silhouette_score = 0.48553407
2023-05-12 11:38:43,504 - Discovery -   cluster_silhouette_score = 0.4847931511539283
2023-05-12 11:38:43,504 - Discovery -   train_loss = 0.2183186146365085
2023-05-12 11:39:44,807 - Discovery - ***** Epoch: 66: Eval results *****
2023-05-12 11:39:44,807 - Discovery -   best_cluster_silhouette_score = 0.4857566
2023-05-12 11:39:44,807 - Discovery -   cluster_silhouette_score = 0.47605527335989034
2023-05-12 11:39:44,807 - Discovery -   train_loss = 0.2158484461022095
2023-05-12 11:40:39,584 - Discovery - ***** Epoch: 67: Eval results *****
2023-05-12 11:40:39,585 - Discovery -   best_cluster_silhouette_score = 0.4857566
2023-05-12 11:40:39,585 - Discovery -   cluster_silhouette_score = 0.47958568992828365
2023-05-12 11:40:39,585 - Discovery -   train_loss = 0.2726033184100205
2023-05-12 11:41:48,546 - Discovery - ***** Epoch: 68: Eval results *****
2023-05-12 11:41:48,547 - Discovery -   best_cluster_silhouette_score = 0.4857566
2023-05-12 11:41:48,547 - Discovery -   cluster_silhouette_score = 0.4856028917797514
2023-05-12 11:41:48,547 - Discovery -   train_loss = 0.24494496040361027
2023-05-12 11:42:36,178 - Discovery - ***** Epoch: 69: Eval results *****
2023-05-12 11:42:36,178 - Discovery -   best_cluster_silhouette_score = 0.48659724
2023-05-12 11:42:36,178 - Discovery -   cluster_silhouette_score = 0.48025823212672586
2023-05-12 11:42:36,178 - Discovery -   train_loss = 0.22889125021830412
2023-05-12 11:43:47,922 - Discovery - ***** Epoch: 70: Eval results *****
2023-05-12 11:43:47,922 - Discovery -   best_cluster_silhouette_score = 0.48659724
2023-05-12 11:43:47,922 - Discovery -   cluster_silhouette_score = 0.4891263284195463
2023-05-12 11:43:47,922 - Discovery -   train_loss = 0.22297000958466193
2023-05-12 11:45:07,280 - Discovery - ***** Epoch: 71: Eval results *****
2023-05-12 11:45:07,280 - Discovery -   best_cluster_silhouette_score = 0.49021676
2023-05-12 11:45:07,280 - Discovery -   cluster_silhouette_score = 0.48119932941556093
2023-05-12 11:45:07,280 - Discovery -   train_loss = 0.2683567381660703
2023-05-12 11:46:06,941 - Discovery - ***** Epoch: 72: Eval results *****
2023-05-12 11:46:06,941 - Discovery -   best_cluster_silhouette_score = 0.49021676
2023-05-12 11:46:06,941 - Discovery -   cluster_silhouette_score = 0.4875099279310752
2023-05-12 11:46:06,941 - Discovery -   train_loss = 0.2711139606757903
2023-05-12 11:47:08,293 - Discovery - ***** Epoch: 73: Eval results *****
2023-05-12 11:47:08,294 - Discovery -   best_cluster_silhouette_score = 0.49021676
2023-05-12 11:47:08,294 - Discovery -   cluster_silhouette_score = 0.4832116152377828
2023-05-12 11:47:08,294 - Discovery -   train_loss = 0.21379657205141767
2023-05-12 11:48:19,924 - Discovery - ***** Epoch: 74: Eval results *****
2023-05-12 11:48:19,924 - Discovery -   best_cluster_silhouette_score = 0.49021676
2023-05-12 11:48:19,924 - Discovery -   cluster_silhouette_score = 0.4846322039355096
2023-05-12 11:48:19,924 - Discovery -   train_loss = 0.2878927474080677
2023-05-12 11:49:38,473 - Discovery - ***** Epoch: 75: Eval results *****
2023-05-12 11:49:38,473 - Discovery -   best_cluster_silhouette_score = 0.49021676
2023-05-12 11:49:38,473 - Discovery -   cluster_silhouette_score = 0.4812750071070336
2023-05-12 11:49:38,473 - Discovery -   train_loss = 0.2804899018415263
2023-05-12 11:50:37,504 - Discovery - ***** Epoch: 76: Eval results *****
2023-05-12 11:50:37,505 - Discovery -   best_cluster_silhouette_score = 0.49021676
2023-05-12 11:50:37,505 - Discovery -   cluster_silhouette_score = 0.46825067073086135
2023-05-12 11:50:37,505 - Discovery -   train_loss = 0.3170235832812081
2023-05-12 11:51:38,298 - Discovery - ***** Epoch: 77: Eval results *****
2023-05-12 11:51:38,298 - Discovery -   best_cluster_silhouette_score = 0.49021676
2023-05-12 11:51:38,298 - Discovery -   cluster_silhouette_score = 0.4802537753025982
2023-05-12 11:51:38,298 - Discovery -   train_loss = 0.319070026173558
2023-05-12 11:52:50,625 - Discovery - ***** Epoch: 78: Eval results *****
2023-05-12 11:52:50,625 - Discovery -   best_cluster_silhouette_score = 0.49021676
2023-05-12 11:52:50,625 - Discovery -   cluster_silhouette_score = 0.46699838255213866
2023-05-12 11:52:50,625 - Discovery -   train_loss = 0.24947874122102495
2023-05-12 11:54:05,477 - Discovery - ***** Epoch: 79: Eval results *****
2023-05-12 11:54:05,477 - Discovery -   best_cluster_silhouette_score = 0.49021676
2023-05-12 11:54:05,477 - Discovery -   cluster_silhouette_score = 0.4708421263059142
2023-05-12 11:54:05,477 - Discovery -   train_loss = 0.3310874035240899
2023-05-12 11:55:35,444 - Discovery - ***** Epoch: 80: Eval results *****
2023-05-12 11:55:35,444 - Discovery -   best_cluster_silhouette_score = 0.49021676
2023-05-12 11:55:35,444 - Discovery -   cluster_silhouette_score = 0.47972904818075723
2023-05-12 11:55:35,444 - Discovery -   train_loss = 0.41964042459575224
2023-05-12 11:57:01,892 - Discovery - ***** Epoch: 81: Eval results *****
2023-05-12 11:57:01,892 - Discovery -   best_cluster_silhouette_score = 0.49021676
2023-05-12 11:57:01,892 - Discovery -   cluster_silhouette_score = 0.469724098342746
2023-05-12 11:57:01,892 - Discovery -   train_loss = 0.4136397488100428
2023-05-12 11:58:05,458 - Discovery - ***** Epoch: 82: Eval results *****
2023-05-12 11:58:05,458 - Discovery -   best_cluster_silhouette_score = 0.49021676
2023-05-12 11:58:05,459 - Discovery -   cluster_silhouette_score = 0.47711533112903487
2023-05-12 11:58:05,459 - Discovery -   train_loss = 0.3741538645306104
2023-05-12 11:59:08,024 - Discovery - ***** Epoch: 83: Eval results *****
2023-05-12 11:59:08,024 - Discovery -   best_cluster_silhouette_score = 0.49021676
2023-05-12 11:59:08,024 - Discovery -   cluster_silhouette_score = 0.4674466898218877
2023-05-12 11:59:08,024 - Discovery -   train_loss = 0.323133539565852
2023-05-12 12:00:09,402 - Discovery - ***** Epoch: 84: Eval results *****
2023-05-12 12:00:09,402 - Discovery -   best_cluster_silhouette_score = 0.49021676
2023-05-12 12:00:09,402 - Discovery -   cluster_silhouette_score = 0.4755411888159376
2023-05-12 12:00:09,402 - Discovery -   train_loss = 0.4161335968635452
2023-05-12 12:01:07,838 - Discovery - ***** Epoch: 85: Eval results *****
2023-05-12 12:01:07,838 - Discovery -   best_cluster_silhouette_score = 0.49021676
2023-05-12 12:01:07,838 - Discovery -   cluster_silhouette_score = 0.4681913831689734
2023-05-12 12:01:07,838 - Discovery -   train_loss = 0.4226806623415208
2023-05-12 12:02:12,798 - Discovery - ***** Epoch: 86: Eval results *****
2023-05-12 12:02:12,799 - Discovery -   best_cluster_silhouette_score = 0.49021676
2023-05-12 12:02:12,799 - Discovery -   cluster_silhouette_score = 0.46859331709155727
2023-05-12 12:02:12,799 - Discovery -   train_loss = 0.36713195791546727
2023-05-12 12:03:16,868 - Discovery - ***** Epoch: 87: Eval results *****
2023-05-12 12:03:16,868 - Discovery -   best_cluster_silhouette_score = 0.49021676
2023-05-12 12:03:16,868 - Discovery -   cluster_silhouette_score = 0.4657577427579284
2023-05-12 12:03:16,868 - Discovery -   train_loss = 0.46135329759456745
2023-05-12 12:04:18,060 - Discovery - ***** Epoch: 88: Eval results *****
2023-05-12 12:04:18,060 - Discovery -   best_cluster_silhouette_score = 0.49021676
2023-05-12 12:04:18,060 - Discovery -   cluster_silhouette_score = 0.4656872815757792
2023-05-12 12:04:18,060 - Discovery -   train_loss = 0.43134800732975276
2023-05-12 12:05:24,084 - Discovery - ***** Epoch: 89: Eval results *****
2023-05-12 12:05:24,084 - Discovery -   best_cluster_silhouette_score = 0.49021676
2023-05-12 12:05:24,084 - Discovery -   cluster_silhouette_score = 0.4761680295738634
2023-05-12 12:05:24,084 - Discovery -   train_loss = 0.36935675962710046
2023-05-12 12:06:40,467 - Discovery - ***** Epoch: 90: Eval results *****
2023-05-12 12:06:40,467 - Discovery -   best_cluster_silhouette_score = 0.49021676
2023-05-12 12:06:40,467 - Discovery -   cluster_silhouette_score = 0.4673982925579407
2023-05-12 12:06:40,467 - Discovery -   train_loss = 0.4899232022359338
2023-05-12 12:06:40,468 - Discovery - Training Finished...
2023-05-12 12:06:40,468 - Discovery - Testing begin...
2023-05-12 12:07:08,092 - Discovery - ***** Test: Confusion Matrix *****
2023-05-12 12:07:08,093 - Discovery - [[ 0  0  2 ...  0  0  0]
 [ 0  0  0 ...  0  0  0]
 [27  0  0 ...  0  0  0]
 ...
 [ 0  0  0 ...  0  0  0]
 [ 0  0  0 ...  0  0  0]
 [ 0  0  0 ...  0  0  0]]
2023-05-12 12:07:08,093 - Discovery - ***** Test results *****
2023-05-12 12:07:08,093 - Discovery -   ACC = 51.92
2023-05-12 12:07:08,093 - Discovery -   ARI = 40.81
2023-05-12 12:07:08,093 - Discovery -   NMI = 72.1
2023-05-12 12:07:08,093 - Discovery - Testing finished...
2023-05-12 12:07:08,093 - Discovery - Results saved in results/results_DeepAligned_2mix_banking_50_20230512.csv
2023-05-12 12:07:08,135 - Discovery - Open Intent Discovery Finished...
