2024-09-06 14:45:38,262 - Discovery - Open Intent Discovery Begin...
2024-09-06 14:45:38,262 - Discovery - Parameters Initialization...
2024-09-06 14:45:38,263 - Discovery - ============================== Params ==============================
2024-09-06 14:45:38,263 - Discovery - type:	open_intent_discovery
2024-09-06 14:45:38,263 - Discovery - logger_name:	Discovery
2024-09-06 14:45:38,263 - Discovery - log_dir:	logs
2024-09-06 14:45:38,263 - Discovery - dataset:	clinc
2024-09-06 14:45:38,264 - Discovery - known_cls_ratio:	0.75
2024-09-06 14:45:38,264 - Discovery - labeled_ratio:	0.1
2024-09-06 14:45:38,264 - Discovery - cluster_num_factor:	1.0
2024-09-06 14:45:38,264 - Discovery - method:	DeepAligned
2024-09-06 14:45:38,264 - Discovery - train:	True
2024-09-06 14:45:38,264 - Discovery - save_model:	False
2024-09-06 14:45:38,264 - Discovery - backbone:	bert_mix
2024-09-06 14:45:38,264 - Discovery - setting:	semi_supervised
2024-09-06 14:45:38,264 - Discovery - config_file_name:	DeepAligned
2024-09-06 14:45:38,264 - Discovery - seed:	3
2024-09-06 14:45:38,264 - Discovery - temp:	0.3
2024-09-06 14:45:38,264 - Discovery - gpu_id:	0
2024-09-06 14:45:38,264 - Discovery - pipe_results_path:	pipe_results
2024-09-06 14:45:38,264 - Discovery - data_dir:	/home/zhangpanpan/workspace/task/2022/09/testing/open_intent_discovery_20230417_bert_mix/../data
2024-09-06 14:45:38,264 - Discovery - output_dir:	/home/zhangpanpan/workspace/task/2022/09/testing/open_intent_discovery_20230417_bert_mix/../outputs
2024-09-06 14:45:38,264 - Discovery - model_dir:	models
2024-09-06 14:45:38,264 - Discovery - result_dir:	results
2024-09-06 14:45:38,264 - Discovery - results_file_name:	results_DeepAligned_2mix_clinc_75_20240903.csv
2024-09-06 14:45:38,264 - Discovery - save_results:	True
2024-09-06 14:45:38,264 - Discovery - task_output_dir:	/home/zhangpanpan/workspace/task/2022/09/testing/open_intent_discovery_20230417_bert_mix/../outputs/open_intent_discovery
2024-09-06 14:45:38,264 - Discovery - method_output_dir:	/home/zhangpanpan/workspace/task/2022/09/testing/open_intent_discovery_20230417_bert_mix/../outputs/open_intent_discovery/DeepAligned_clinc_0.75_0.1_bert_mix_3
2024-09-06 14:45:38,264 - Discovery - model_output_dir:	/home/zhangpanpan/workspace/task/2022/09/testing/open_intent_discovery_20230417_bert_mix/../outputs/open_intent_discovery/DeepAligned_clinc_0.75_0.1_bert_mix_3/models
2024-09-06 14:45:38,264 - Discovery - bert_model:	/home/zhangpanpan/downloads/lib/pretrained_models/uncased_L-12_H-768_A-12/
2024-09-06 14:45:38,264 - Discovery - max_seq_length:	None
2024-09-06 14:45:38,265 - Discovery - num_pretrain_epochs:	100
2024-09-06 14:45:38,265 - Discovery - num_train_epochs:	100
2024-09-06 14:45:38,265 - Discovery - num_labels:	None
2024-09-06 14:45:38,265 - Discovery - freeze_bert_parameters:	True
2024-09-06 14:45:38,265 - Discovery - feat_dim:	768
2024-09-06 14:45:38,265 - Discovery - warmup_proportion:	0.1
2024-09-06 14:45:38,265 - Discovery - lr_pre:	5e-05
2024-09-06 14:45:38,265 - Discovery - lr:	5e-05
2024-09-06 14:45:38,265 - Discovery - loss_fct:	CrossEntropyLoss
2024-09-06 14:45:38,265 - Discovery - activation:	tanh
2024-09-06 14:45:38,265 - Discovery - train_batch_size:	128
2024-09-06 14:45:38,265 - Discovery - eval_batch_size:	64
2024-09-06 14:45:38,265 - Discovery - test_batch_size:	64
2024-09-06 14:45:38,265 - Discovery - wait_patient:	20
2024-09-06 14:45:38,265 - Discovery - ============================== End Params ==============================
2024-09-06 14:45:38,265 - Discovery - Data and Model Preparation...
2024-09-06 14:45:38,266 - Discovery - The number of known intents is 112
2024-09-06 14:45:38,268 - Discovery - Lists of known labels are: ['gas', 'application_status', 'current_location', 'change_volume', 'cancel', 'tell_joke', 'pto_request', 'balance', 'restaurant_suggestion', 'make_call', 'pto_balance', 'do_you_have_pets', 'recipe', 'improve_credit_score', 'weather', 'expiration_date', 'mpg', 'uber', 'smart_home', 'flight_status', 'todo_list', 'shopping_list_update', 'what_are_your_hobbies', 'no', 'are_you_a_bot', 'schedule_meeting', 'travel_suggestion', 'meal_suggestion', 'insurance', 'play_music', 'calories', 'change_user_name', 'w2', 'insurance_change', 'bill_due', 'cook_time', 'nutrition_info', 'find_phone', 'shopping_list', 'meaning_of_life', 'traffic', 'order_status', 'change_language', 'car_rental', 'todo_list_update', 'how_busy', 'change_speed', 'pay_bill', 'what_can_i_ask_you', 'payday', 'freeze_account', 'direct_deposit', 'restaurant_reservation', 'greeting', 'new_card', 'definition', 'update_playlist', 'carry_on', 'sync_device', 'repeat', 'apr', 'calendar', 'what_is_your_name', 'meeting_schedule', 'book_hotel', 'calculator', 'report_fraud', 'user_name', 'reset_settings', 'book_flight', 'tire_change', 'reminder_update', 'credit_limit_change', 'exchange_rate', 'transfer', 'taxes', 'spelling', 'report_lost_card', 'interest_rate', 'plug_type', 'food_last', 'directions', 'spending_history', 'what_song', 'how_old_are_you', 'restaurant_reviews', 'international_visa', 'timer', 'credit_score', 'travel_notification', 'calendar_update', 'ingredient_substitution', 'next_song', 'travel_alert', 'who_made_you', 'damaged_card', 'order', 'cancel_reservation', 'pto_used', 'next_holiday', 'pin_change', 'account_blocked', 'tire_pressure', 'fun_fact', 'schedule_maintenance', 'min_payment', 'where_are_you_from', 'ingredients_list', 'time', 'last_maintenance', 'card_declined', 'roll_dice']
2024-09-06 14:45:46,033 - Discovery - Number of labeled training samples = 1344
2024-09-06 14:45:46,033 - Discovery - Number of unlabeled training samples = 16656
2024-09-06 14:45:46,053 - Discovery - Number of evaluation samples = 1680
2024-09-06 14:45:46,064 - Discovery - Number of testing samples = 2250
2024-09-06 14:46:01,723 - Discovery - Freeze all parameters but the last layer for efficiency
2024-09-06 14:46:17,081 - Discovery - Freeze all parameters but the last layer for efficiency
2024-09-06 14:46:17,262 - Discovery - Pre-raining start...
2024-09-06 14:46:18,724 - Discovery - ***** Epoch: 1: Eval results *****
2024-09-06 14:46:18,725 - Discovery -   best_score = 0
2024-09-06 14:46:18,725 - Discovery -   eval_score = 1.37
2024-09-06 14:46:18,725 - Discovery -   train_loss = 4.720621152357622
2024-09-06 14:46:20,187 - Discovery - ***** Epoch: 2: Eval results *****
2024-09-06 14:46:20,187 - Discovery -   best_score = 1.37
2024-09-06 14:46:20,187 - Discovery -   eval_score = 4.82
2024-09-06 14:46:20,187 - Discovery -   train_loss = 4.693147572604093
2024-09-06 14:46:21,661 - Discovery - ***** Epoch: 3: Eval results *****
2024-09-06 14:46:21,661 - Discovery -   best_score = 4.82
2024-09-06 14:46:21,661 - Discovery -   eval_score = 24.52
2024-09-06 14:46:21,661 - Discovery -   train_loss = 4.626105872067538
2024-09-06 14:46:23,132 - Discovery - ***** Epoch: 4: Eval results *****
2024-09-06 14:46:23,132 - Discovery -   best_score = 24.52
2024-09-06 14:46:23,132 - Discovery -   eval_score = 42.74
2024-09-06 14:46:23,132 - Discovery -   train_loss = 4.467613046819514
2024-09-06 14:46:24,607 - Discovery - ***** Epoch: 5: Eval results *****
2024-09-06 14:46:24,608 - Discovery -   best_score = 42.74
2024-09-06 14:46:24,608 - Discovery -   eval_score = 52.08
2024-09-06 14:46:24,608 - Discovery -   train_loss = 4.101290225982666
2024-09-06 14:46:26,079 - Discovery - ***** Epoch: 6: Eval results *****
2024-09-06 14:46:26,080 - Discovery -   best_score = 52.08
2024-09-06 14:46:26,080 - Discovery -   eval_score = 61.25
2024-09-06 14:46:26,080 - Discovery -   train_loss = 3.4498965956948022
2024-09-06 14:46:27,556 - Discovery - ***** Epoch: 7: Eval results *****
2024-09-06 14:46:27,556 - Discovery -   best_score = 61.25
2024-09-06 14:46:27,556 - Discovery -   eval_score = 70.06
2024-09-06 14:46:27,556 - Discovery -   train_loss = 2.7896124232899058
2024-09-06 14:46:29,028 - Discovery - ***** Epoch: 8: Eval results *****
2024-09-06 14:46:29,028 - Discovery -   best_score = 70.06
2024-09-06 14:46:29,028 - Discovery -   eval_score = 77.32
2024-09-06 14:46:29,029 - Discovery -   train_loss = 2.1868647011843594
2024-09-06 14:46:30,502 - Discovery - ***** Epoch: 9: Eval results *****
2024-09-06 14:46:30,502 - Discovery -   best_score = 77.32
2024-09-06 14:46:30,502 - Discovery -   eval_score = 83.15
2024-09-06 14:46:30,502 - Discovery -   train_loss = 1.6593781384554775
2024-09-06 14:46:30,539 - Discovery - Pre-training finished...
2024-09-06 14:46:30,560 - Discovery - Training Begin...
2024-09-06 15:01:03,448 - Discovery - ***** Epoch: 1: Eval results *****
2024-09-06 15:01:03,448 - Discovery -   best_cluster_silhouette_score = 0.18133122
2024-09-06 15:01:03,448 - Discovery -   cluster_silhouette_score = 0.1859299275917333
2024-09-06 15:01:03,448 - Discovery -   train_loss = 4.786231788337654
2024-09-06 15:08:01,699 - Discovery - ***** Epoch: 2: Eval results *****
2024-09-06 15:08:01,699 - Discovery -   best_cluster_silhouette_score = 0.18667793
2024-09-06 15:08:01,699 - Discovery -   cluster_silhouette_score = 0.19929973914792173
2024-09-06 15:08:01,699 - Discovery -   train_loss = 3.893915428337476
2024-09-06 15:15:12,255 - Discovery - ***** Epoch: 3: Eval results *****
2024-09-06 15:15:12,255 - Discovery -   best_cluster_silhouette_score = 0.20043287
2024-09-06 15:15:12,255 - Discovery -   cluster_silhouette_score = 0.21578477437658128
2024-09-06 15:15:12,255 - Discovery -   train_loss = 2.879314637353234
2024-09-06 15:22:32,729 - Discovery - ***** Epoch: 4: Eval results *****
2024-09-06 15:22:32,729 - Discovery -   best_cluster_silhouette_score = 0.21687362
2024-09-06 15:22:32,729 - Discovery -   cluster_silhouette_score = 0.25160776220949804
2024-09-06 15:22:32,729 - Discovery -   train_loss = 2.1134255169131233
2024-09-06 15:29:38,926 - Discovery - ***** Epoch: 5: Eval results *****
2024-09-06 15:29:38,927 - Discovery -   best_cluster_silhouette_score = 0.25306717
2024-09-06 15:29:38,927 - Discovery -   cluster_silhouette_score = 0.27488617672974686
2024-09-06 15:29:38,927 - Discovery -   train_loss = 1.5286629081617855
2024-09-06 15:36:35,589 - Discovery - ***** Epoch: 6: Eval results *****
2024-09-06 15:36:35,589 - Discovery -   best_cluster_silhouette_score = 0.27619198
2024-09-06 15:36:35,589 - Discovery -   cluster_silhouette_score = 0.2987672980478626
2024-09-06 15:36:35,589 - Discovery -   train_loss = 1.1568651055613308
2024-09-06 15:43:21,227 - Discovery - ***** Epoch: 7: Eval results *****
2024-09-06 15:43:21,227 - Discovery -   best_cluster_silhouette_score = 0.29986137
2024-09-06 15:43:21,227 - Discovery -   cluster_silhouette_score = 0.3246473415261389
2024-09-06 15:43:21,227 - Discovery -   train_loss = 0.916539858418999
2024-09-06 15:50:08,061 - Discovery - ***** Epoch: 8: Eval results *****
2024-09-06 15:50:08,061 - Discovery -   best_cluster_silhouette_score = 0.32606915
2024-09-06 15:50:08,061 - Discovery -   cluster_silhouette_score = 0.33827070460353187
2024-09-06 15:50:08,062 - Discovery -   train_loss = 0.719151700008
2024-09-06 15:57:00,903 - Discovery - ***** Epoch: 9: Eval results *****
2024-09-06 15:57:00,904 - Discovery -   best_cluster_silhouette_score = 0.3393802
2024-09-06 15:57:00,904 - Discovery -   cluster_silhouette_score = 0.36501407154410287
2024-09-06 15:57:00,904 - Discovery -   train_loss = 0.5997941796238541
2024-09-06 16:03:44,125 - Discovery - ***** Epoch: 10: Eval results *****
2024-09-06 16:03:44,125 - Discovery -   best_cluster_silhouette_score = 0.36616412
2024-09-06 16:03:44,125 - Discovery -   cluster_silhouette_score = 0.3809708651684011
2024-09-06 16:03:44,126 - Discovery -   train_loss = 0.4759404974203583
2024-09-06 16:10:34,101 - Discovery - ***** Epoch: 11: Eval results *****
2024-09-06 16:10:34,102 - Discovery -   best_cluster_silhouette_score = 0.38219556
2024-09-06 16:10:34,102 - Discovery -   cluster_silhouette_score = 0.39443980688481156
2024-09-06 16:10:34,102 - Discovery -   train_loss = 0.40455615076612916
2024-09-06 16:17:21,176 - Discovery - ***** Epoch: 12: Eval results *****
2024-09-06 16:17:21,177 - Discovery -   best_cluster_silhouette_score = 0.39560252
2024-09-06 16:17:21,177 - Discovery -   cluster_silhouette_score = 0.399366151285272
2024-09-06 16:17:21,177 - Discovery -   train_loss = 0.3628846969164855
2024-09-06 16:24:09,296 - Discovery - ***** Epoch: 13: Eval results *****
2024-09-06 16:24:09,296 - Discovery -   best_cluster_silhouette_score = 0.40027565
2024-09-06 16:24:09,296 - Discovery -   cluster_silhouette_score = 0.3990144079654707
2024-09-06 16:24:09,296 - Discovery -   train_loss = 0.3471619649559048
2024-09-06 16:31:01,636 - Discovery - ***** Epoch: 14: Eval results *****
2024-09-06 16:31:01,636 - Discovery -   best_cluster_silhouette_score = 0.40027565
2024-09-06 16:31:01,636 - Discovery -   cluster_silhouette_score = 0.41293734597468384
2024-09-06 16:31:01,636 - Discovery -   train_loss = 0.33789300516987525
2024-09-06 16:37:48,956 - Discovery - ***** Epoch: 15: Eval results *****
2024-09-06 16:37:48,956 - Discovery -   best_cluster_silhouette_score = 0.41378868
2024-09-06 16:37:48,956 - Discovery -   cluster_silhouette_score = 0.4239398186020075
2024-09-06 16:37:48,956 - Discovery -   train_loss = 0.2908855458946093
2024-09-06 16:44:42,529 - Discovery - ***** Epoch: 16: Eval results *****
2024-09-06 16:44:42,529 - Discovery -   best_cluster_silhouette_score = 0.4248562
2024-09-06 16:44:42,529 - Discovery -   cluster_silhouette_score = 0.41643142000029487
2024-09-06 16:44:42,529 - Discovery -   train_loss = 0.271178071433348
2024-09-06 16:51:44,038 - Discovery - ***** Epoch: 17: Eval results *****
2024-09-06 16:51:44,038 - Discovery -   best_cluster_silhouette_score = 0.4248562
2024-09-06 16:51:44,038 - Discovery -   cluster_silhouette_score = 0.43178154793565987
2024-09-06 16:51:44,038 - Discovery -   train_loss = 0.28588264726155194
2024-09-06 16:58:45,753 - Discovery - ***** Epoch: 18: Eval results *****
2024-09-06 16:58:45,753 - Discovery -   best_cluster_silhouette_score = 0.43278596
2024-09-06 16:58:45,753 - Discovery -   cluster_silhouette_score = 0.43165191345030834
2024-09-06 16:58:45,753 - Discovery -   train_loss = 0.2131732170146408
2024-09-06 17:06:11,182 - Discovery - ***** Epoch: 19: Eval results *****
2024-09-06 17:06:11,183 - Discovery -   best_cluster_silhouette_score = 0.43278596
2024-09-06 17:06:11,183 - Discovery -   cluster_silhouette_score = 0.44188090301045463
2024-09-06 17:06:11,183 - Discovery -   train_loss = 0.2691665266950925
2024-09-06 17:13:51,531 - Discovery - ***** Epoch: 20: Eval results *****
2024-09-06 17:13:51,532 - Discovery -   best_cluster_silhouette_score = 0.4427391
2024-09-06 17:13:51,532 - Discovery -   cluster_silhouette_score = 0.44117870833596906
2024-09-06 17:13:51,532 - Discovery -   train_loss = 0.23615510111793558
2024-09-06 17:21:35,184 - Discovery - ***** Epoch: 21: Eval results *****
2024-09-06 17:21:35,184 - Discovery -   best_cluster_silhouette_score = 0.4427391
2024-09-06 17:21:35,184 - Discovery -   cluster_silhouette_score = 0.44983090078860594
2024-09-06 17:21:35,184 - Discovery -   train_loss = 0.20421492213264425
2024-09-06 17:29:15,122 - Discovery - ***** Epoch: 22: Eval results *****
2024-09-06 17:29:15,122 - Discovery -   best_cluster_silhouette_score = 0.4507903
2024-09-06 17:29:15,122 - Discovery -   cluster_silhouette_score = 0.4472798928551811
2024-09-06 17:29:15,123 - Discovery -   train_loss = 0.22101527436616572
2024-09-06 17:36:59,184 - Discovery - ***** Epoch: 23: Eval results *****
2024-09-06 17:36:59,184 - Discovery -   best_cluster_silhouette_score = 0.4507903
2024-09-06 17:36:59,184 - Discovery -   cluster_silhouette_score = 0.44234806324865966
2024-09-06 17:36:59,184 - Discovery -   train_loss = 0.2322844793716221
2024-09-06 17:44:46,834 - Discovery - ***** Epoch: 24: Eval results *****
2024-09-06 17:44:46,834 - Discovery -   best_cluster_silhouette_score = 0.4507903
2024-09-06 17:44:46,834 - Discovery -   cluster_silhouette_score = 0.44649190560389346
2024-09-06 17:44:46,834 - Discovery -   train_loss = 0.23101738713523176
2024-09-06 17:52:32,879 - Discovery - ***** Epoch: 25: Eval results *****
2024-09-06 17:52:32,879 - Discovery -   best_cluster_silhouette_score = 0.4507903
2024-09-06 17:52:32,879 - Discovery -   cluster_silhouette_score = 0.44715423334999527
2024-09-06 17:52:32,879 - Discovery -   train_loss = 0.20231367309465476
2024-09-06 18:00:20,087 - Discovery - ***** Epoch: 26: Eval results *****
2024-09-06 18:00:20,087 - Discovery -   best_cluster_silhouette_score = 0.4507903
2024-09-06 18:00:20,087 - Discovery -   cluster_silhouette_score = 0.4601068953845217
2024-09-06 18:00:20,087 - Discovery -   train_loss = 0.20214371409610654
2024-09-06 18:08:06,446 - Discovery - ***** Epoch: 27: Eval results *****
2024-09-06 18:08:06,446 - Discovery -   best_cluster_silhouette_score = 0.46102864
2024-09-06 18:08:06,446 - Discovery -   cluster_silhouette_score = 0.44855940422512164
2024-09-06 18:08:06,446 - Discovery -   train_loss = 0.18644539945831534
2024-09-06 18:15:47,247 - Discovery - ***** Epoch: 28: Eval results *****
2024-09-06 18:15:47,247 - Discovery -   best_cluster_silhouette_score = 0.46102864
2024-09-06 18:15:47,247 - Discovery -   cluster_silhouette_score = 0.4604841042658088
2024-09-06 18:15:47,248 - Discovery -   train_loss = 0.20197826428404936
2024-09-06 18:23:28,854 - Discovery - ***** Epoch: 29: Eval results *****
2024-09-06 18:23:28,854 - Discovery -   best_cluster_silhouette_score = 0.46141037
2024-09-06 18:23:28,854 - Discovery -   cluster_silhouette_score = 0.4509977248042618
2024-09-06 18:23:28,855 - Discovery -   train_loss = 0.20321501918295595
2024-09-06 18:31:11,422 - Discovery - ***** Epoch: 30: Eval results *****
2024-09-06 18:31:11,422 - Discovery -   best_cluster_silhouette_score = 0.46141037
2024-09-06 18:31:11,423 - Discovery -   cluster_silhouette_score = 0.45712393703234727
2024-09-06 18:31:11,423 - Discovery -   train_loss = 0.20557024192514148
2024-09-06 18:38:51,508 - Discovery - ***** Epoch: 31: Eval results *****
2024-09-06 18:38:51,508 - Discovery -   best_cluster_silhouette_score = 0.46141037
2024-09-06 18:38:51,508 - Discovery -   cluster_silhouette_score = 0.4572870848943781
2024-09-06 18:38:51,508 - Discovery -   train_loss = 0.17772585095454616
2024-09-06 18:46:28,247 - Discovery - ***** Epoch: 32: Eval results *****
2024-09-06 18:46:28,247 - Discovery -   best_cluster_silhouette_score = 0.46141037
2024-09-06 18:46:28,247 - Discovery -   cluster_silhouette_score = 0.4664943585694618
2024-09-06 18:46:28,247 - Discovery -   train_loss = 0.17138064132197528
2024-09-06 18:54:18,514 - Discovery - ***** Epoch: 33: Eval results *****
2024-09-06 18:54:18,514 - Discovery -   best_cluster_silhouette_score = 0.46736756
2024-09-06 18:54:18,514 - Discovery -   cluster_silhouette_score = 0.456211502691174
2024-09-06 18:54:18,514 - Discovery -   train_loss = 0.1627824826971859
2015-08-29 00:00:01,906 - Discovery - ***** Epoch: 34: Eval results *****
2015-08-29 00:00:01,906 - Discovery -   best_cluster_silhouette_score = 0.46736756
2015-08-29 00:00:01,906 - Discovery -   cluster_silhouette_score = 0.45291727225680284
2015-08-29 00:00:01,907 - Discovery -   train_loss = 0.20024218740509758
2016-12-26 00:00:00,239 - Discovery - ***** Epoch: 35: Eval results *****
2016-12-26 00:00:00,239 - Discovery -   best_cluster_silhouette_score = 0.46736756
2016-12-26 00:00:00,239 - Discovery -   cluster_silhouette_score = 0.45376831442410576
2016-12-26 00:00:00,239 - Discovery -   train_loss = 0.2014781800990409
2024-09-06 19:17:56,111 - Discovery - ***** Epoch: 36: Eval results *****
2024-09-06 19:17:56,112 - Discovery -   best_cluster_silhouette_score = 0.46736756
2024-09-06 19:17:56,112 - Discovery -   cluster_silhouette_score = 0.4609729255316822
2024-09-06 19:17:56,112 - Discovery -   train_loss = 0.20060014597913053
2024-09-06 19:25:40,115 - Discovery - ***** Epoch: 37: Eval results *****
2024-09-06 19:25:40,115 - Discovery -   best_cluster_silhouette_score = 0.46736756
2024-09-06 19:25:40,115 - Discovery -   cluster_silhouette_score = 0.47009452001888613
2024-09-06 19:25:40,115 - Discovery -   train_loss = 0.1678319274586566
2024-09-06 19:32:20,967 - Discovery - ***** Epoch: 38: Eval results *****
2024-09-06 19:32:20,967 - Discovery -   best_cluster_silhouette_score = 0.471044
2024-09-06 19:32:20,967 - Discovery -   cluster_silhouette_score = 0.4668431594420194
2024-09-06 19:32:20,967 - Discovery -   train_loss = 0.12677359929744234
2024-09-06 19:38:56,421 - Discovery - ***** Epoch: 39: Eval results *****
2024-09-06 19:38:56,421 - Discovery -   best_cluster_silhouette_score = 0.471044
2024-09-06 19:38:56,421 - Discovery -   cluster_silhouette_score = 0.4692671563535346
2024-09-06 19:38:56,421 - Discovery -   train_loss = 0.17324708687498214
2024-09-06 19:45:41,369 - Discovery - ***** Epoch: 40: Eval results *****
2024-09-06 19:45:41,370 - Discovery -   best_cluster_silhouette_score = 0.471044
2024-09-06 19:45:41,370 - Discovery -   cluster_silhouette_score = 0.4642631486872947
2024-09-06 19:45:41,370 - Discovery -   train_loss = 0.16634732323652462
2024-09-06 19:52:20,567 - Discovery - ***** Epoch: 41: Eval results *****
2024-09-06 19:52:20,568 - Discovery -   best_cluster_silhouette_score = 0.471044
2024-09-06 19:52:20,568 - Discovery -   cluster_silhouette_score = 0.46716984781051424
2024-09-06 19:52:20,568 - Discovery -   train_loss = 0.16411757860200624
2024-09-06 19:58:59,666 - Discovery - ***** Epoch: 42: Eval results *****
2024-09-06 19:58:59,666 - Discovery -   best_cluster_silhouette_score = 0.471044
2024-09-06 19:58:59,666 - Discovery -   cluster_silhouette_score = 0.45615252006500345
2024-09-06 19:58:59,667 - Discovery -   train_loss = 0.19363137191914498
2024-09-06 20:05:36,579 - Discovery - ***** Epoch: 43: Eval results *****
2024-09-06 20:05:36,579 - Discovery -   best_cluster_silhouette_score = 0.471044
2024-09-06 20:05:36,580 - Discovery -   cluster_silhouette_score = 0.46311399691232275
2024-09-06 20:05:36,580 - Discovery -   train_loss = 0.21246905054183715
2024-09-06 20:12:14,532 - Discovery - ***** Epoch: 44: Eval results *****
2024-09-06 20:12:14,532 - Discovery -   best_cluster_silhouette_score = 0.471044
2024-09-06 20:12:14,532 - Discovery -   cluster_silhouette_score = 0.46329165103347514
2024-09-06 20:12:14,532 - Discovery -   train_loss = 0.202359667034648
2024-09-06 20:18:54,897 - Discovery - ***** Epoch: 45: Eval results *****
2024-09-06 20:18:54,897 - Discovery -   best_cluster_silhouette_score = 0.471044
2024-09-06 20:18:54,897 - Discovery -   cluster_silhouette_score = 0.4611391722624393
2024-09-06 20:18:54,897 - Discovery -   train_loss = 0.17854719722630286
2024-09-06 20:25:34,770 - Discovery - ***** Epoch: 46: Eval results *****
2024-09-06 20:25:34,770 - Discovery -   best_cluster_silhouette_score = 0.471044
2024-09-06 20:25:34,771 - Discovery -   cluster_silhouette_score = 0.46162568919903896
2024-09-06 20:25:34,771 - Discovery -   train_loss = 0.22916757820028785
2024-09-06 20:32:07,960 - Discovery - ***** Epoch: 47: Eval results *****
2024-09-06 20:32:07,960 - Discovery -   best_cluster_silhouette_score = 0.471044
2024-09-06 20:32:07,960 - Discovery -   cluster_silhouette_score = 0.45721300231786033
2024-09-06 20:32:07,960 - Discovery -   train_loss = 0.23337127194336965
2024-09-06 20:38:46,319 - Discovery - ***** Epoch: 48: Eval results *****
2024-09-06 20:38:46,319 - Discovery -   best_cluster_silhouette_score = 0.471044
2024-09-06 20:38:46,319 - Discovery -   cluster_silhouette_score = 0.4576097838620064
2024-09-06 20:38:46,319 - Discovery -   train_loss = 0.22152164763381296
2024-09-06 20:45:25,355 - Discovery - ***** Epoch: 49: Eval results *****
2024-09-06 20:45:25,355 - Discovery -   best_cluster_silhouette_score = 0.471044
2024-09-06 20:45:25,355 - Discovery -   cluster_silhouette_score = 0.4642767458345118
2024-09-06 20:45:25,355 - Discovery -   train_loss = 0.20515882638646354
2024-09-06 20:52:07,621 - Discovery - ***** Epoch: 50: Eval results *****
2024-09-06 20:52:07,622 - Discovery -   best_cluster_silhouette_score = 0.471044
2024-09-06 20:52:07,622 - Discovery -   cluster_silhouette_score = 0.4723084860985714
2024-09-06 20:52:07,622 - Discovery -   train_loss = 0.17124930795625593
2024-09-06 20:58:42,762 - Discovery - ***** Epoch: 51: Eval results *****
2024-09-06 20:58:42,762 - Discovery -   best_cluster_silhouette_score = 0.4731489
2024-09-06 20:58:42,763 - Discovery -   cluster_silhouette_score = 0.461241842041457
2024-09-06 20:58:42,763 - Discovery -   train_loss = 0.16227644679288492
2024-09-06 21:05:17,490 - Discovery - ***** Epoch: 52: Eval results *****
2024-09-06 21:05:17,490 - Discovery -   best_cluster_silhouette_score = 0.4731489
2024-09-06 21:05:17,490 - Discovery -   cluster_silhouette_score = 0.467039856723674
2024-09-06 21:05:17,490 - Discovery -   train_loss = 0.20561168791977227
2024-09-06 21:11:51,256 - Discovery - ***** Epoch: 53: Eval results *****
2024-09-06 21:11:51,257 - Discovery -   best_cluster_silhouette_score = 0.4731489
2024-09-06 21:11:51,257 - Discovery -   cluster_silhouette_score = 0.4638075440402481
2024-09-06 21:11:51,257 - Discovery -   train_loss = 0.21405890768935495
2024-09-06 21:18:33,184 - Discovery - ***** Epoch: 54: Eval results *****
2024-09-06 21:18:33,184 - Discovery -   best_cluster_silhouette_score = 0.4731489
2024-09-06 21:18:33,184 - Discovery -   cluster_silhouette_score = 0.47277123113278824
2024-09-06 21:18:33,184 - Discovery -   train_loss = 0.1913208507318446
2024-09-06 21:25:16,698 - Discovery - ***** Epoch: 55: Eval results *****
2024-09-06 21:25:16,698 - Discovery -   best_cluster_silhouette_score = 0.47367918
2024-09-06 21:25:16,699 - Discovery -   cluster_silhouette_score = 0.4747939849713504
2024-09-06 21:25:16,699 - Discovery -   train_loss = 0.19866816395669118
2024-09-06 21:31:57,763 - Discovery - ***** Epoch: 56: Eval results *****
2024-09-06 21:31:57,763 - Discovery -   best_cluster_silhouette_score = 0.47567615
2024-09-06 21:31:57,764 - Discovery -   cluster_silhouette_score = 0.4683195076544531
2024-09-06 21:31:57,764 - Discovery -   train_loss = 0.1850704289972782
2024-09-06 21:38:33,191 - Discovery - ***** Epoch: 57: Eval results *****
2024-09-06 21:38:33,191 - Discovery -   best_cluster_silhouette_score = 0.47567615
2024-09-06 21:38:33,191 - Discovery -   cluster_silhouette_score = 0.47248988600714475
2024-09-06 21:38:33,191 - Discovery -   train_loss = 0.24192056345178725
2024-09-06 21:45:12,135 - Discovery - ***** Epoch: 58: Eval results *****
2024-09-06 21:45:12,135 - Discovery -   best_cluster_silhouette_score = 0.47567615
2024-09-06 21:45:12,135 - Discovery -   cluster_silhouette_score = 0.46850255874972574
2024-09-06 21:45:12,135 - Discovery -   train_loss = 0.22899266654718006
2024-09-06 21:51:56,900 - Discovery - ***** Epoch: 59: Eval results *****
2024-09-06 21:51:56,900 - Discovery -   best_cluster_silhouette_score = 0.47567615
2024-09-06 21:51:56,900 - Discovery -   cluster_silhouette_score = 0.4711666900466072
2024-09-06 21:51:56,900 - Discovery -   train_loss = 0.20534967588828812
2024-09-06 21:58:38,610 - Discovery - ***** Epoch: 60: Eval results *****
2024-09-06 21:58:38,610 - Discovery -   best_cluster_silhouette_score = 0.47567615
2024-09-06 21:58:38,610 - Discovery -   cluster_silhouette_score = 0.46763055859859337
2024-09-06 21:58:38,610 - Discovery -   train_loss = 0.22721256579913146
2024-09-06 22:05:15,137 - Discovery - ***** Epoch: 61: Eval results *****
2024-09-06 22:05:15,137 - Discovery -   best_cluster_silhouette_score = 0.47567615
2024-09-06 22:05:15,138 - Discovery -   cluster_silhouette_score = 0.4679003047501974
2024-09-06 22:05:15,138 - Discovery -   train_loss = 0.22433212774653807
2024-09-06 22:11:58,649 - Discovery - ***** Epoch: 62: Eval results *****
2024-09-06 22:11:58,649 - Discovery -   best_cluster_silhouette_score = 0.47567615
2024-09-06 22:11:58,649 - Discovery -   cluster_silhouette_score = 0.4660462453897765
2024-09-06 22:11:58,649 - Discovery -   train_loss = 0.1885298837425438
2024-09-06 22:18:34,253 - Discovery - ***** Epoch: 63: Eval results *****
2024-09-06 22:18:34,254 - Discovery -   best_cluster_silhouette_score = 0.47567615
2024-09-06 22:18:34,254 - Discovery -   cluster_silhouette_score = 0.461758071166849
2024-09-06 22:18:34,254 - Discovery -   train_loss = 0.20151128014879868
2024-09-06 22:25:23,993 - Discovery - ***** Epoch: 64: Eval results *****
2024-09-06 22:25:23,994 - Discovery -   best_cluster_silhouette_score = 0.47567615
2024-09-06 22:25:23,994 - Discovery -   cluster_silhouette_score = 0.4605294699899073
2024-09-06 22:25:23,994 - Discovery -   train_loss = 0.21632372743800177
2024-09-06 22:32:06,746 - Discovery - ***** Epoch: 65: Eval results *****
2024-09-06 22:32:06,747 - Discovery -   best_cluster_silhouette_score = 0.47567615
2024-09-06 22:32:06,747 - Discovery -   cluster_silhouette_score = 0.46078202128001416
2024-09-06 22:32:06,747 - Discovery -   train_loss = 0.25810146648833093
2024-09-06 22:38:44,594 - Discovery - ***** Epoch: 66: Eval results *****
2024-09-06 22:38:44,594 - Discovery -   best_cluster_silhouette_score = 0.47567615
2024-09-06 22:38:44,594 - Discovery -   cluster_silhouette_score = 0.4571351407647006
2024-09-06 22:38:44,594 - Discovery -   train_loss = 0.2436089814766079
2016-06-26 00:00:19,338 - Discovery - ***** Epoch: 67: Eval results *****
2016-06-26 00:00:19,338 - Discovery -   best_cluster_silhouette_score = 0.47567615
2016-06-26 00:00:19,338 - Discovery -   cluster_silhouette_score = 0.46846316684229816
2016-06-26 00:00:19,338 - Discovery -   train_loss = 0.24587264767986663
2024-09-06 22:51:58,169 - Discovery - ***** Epoch: 68: Eval results *****
2024-09-06 22:51:58,169 - Discovery -   best_cluster_silhouette_score = 0.47567615
2024-09-06 22:51:58,169 - Discovery -   cluster_silhouette_score = 0.4656808939367733
2024-09-06 22:51:58,169 - Discovery -   train_loss = 0.23824710858629106
2024-09-06 22:58:35,247 - Discovery - ***** Epoch: 69: Eval results *****
2024-09-06 22:58:35,247 - Discovery -   best_cluster_silhouette_score = 0.47567615
2024-09-06 22:58:35,248 - Discovery -   cluster_silhouette_score = 0.4672776065161911
2024-09-06 22:58:35,248 - Discovery -   train_loss = 0.22860566447389888
2024-09-06 23:05:17,015 - Discovery - ***** Epoch: 70: Eval results *****
2024-09-06 23:05:17,016 - Discovery -   best_cluster_silhouette_score = 0.47567615
2024-09-06 23:05:17,016 - Discovery -   cluster_silhouette_score = 0.4746728802562317
2024-09-06 23:05:17,016 - Discovery -   train_loss = 0.21085706022931328
2024-09-06 23:12:03,097 - Discovery - ***** Epoch: 71: Eval results *****
2024-09-06 23:12:03,097 - Discovery -   best_cluster_silhouette_score = 0.47567615
2024-09-06 23:12:03,097 - Discovery -   cluster_silhouette_score = 0.47359593865173405
2024-09-06 23:12:03,097 - Discovery -   train_loss = 0.18021989840987726
2024-09-06 23:18:43,658 - Discovery - ***** Epoch: 72: Eval results *****
2024-09-06 23:18:43,658 - Discovery -   best_cluster_silhouette_score = 0.47567615
2024-09-06 23:18:43,658 - Discovery -   cluster_silhouette_score = 0.4614209170656833
2024-09-06 23:18:43,659 - Discovery -   train_loss = 0.17555124354912033
2016-04-06 00:00:20,744 - Discovery - ***** Epoch: 73: Eval results *****
2016-04-06 00:00:20,744 - Discovery -   best_cluster_silhouette_score = 0.47567615
2016-04-06 00:00:20,744 - Discovery -   cluster_silhouette_score = 0.4594143481493647
2016-04-06 00:00:20,744 - Discovery -   train_loss = 0.20794567043054188
2024-09-06 23:32:11,994 - Discovery - ***** Epoch: 74: Eval results *****
2024-09-06 23:32:11,994 - Discovery -   best_cluster_silhouette_score = 0.47567615
2024-09-06 23:32:11,995 - Discovery -   cluster_silhouette_score = 0.4701688068568506
2024-09-06 23:32:11,995 - Discovery -   train_loss = 0.2620361340595475
2024-09-06 23:39:01,249 - Discovery - ***** Epoch: 75: Eval results *****
2024-09-06 23:39:01,249 - Discovery -   best_cluster_silhouette_score = 0.47567615
2024-09-06 23:39:01,250 - Discovery -   cluster_silhouette_score = 0.45762290950521145
2024-09-06 23:39:01,250 - Discovery -   train_loss = 0.2851253757979853
2024-09-06 23:39:01,253 - Discovery - Training Finished...
2024-09-06 23:39:01,253 - Discovery - Testing begin...
2024-09-06 23:40:07,653 - Discovery - ***** Test: Confusion Matrix *****
2024-09-06 23:40:07,654 - Discovery - [[ 0  0  0 ...  0  0  0]
 [ 0  0  0 ...  0  0  0]
 [ 0  0  0 ...  0  0  0]
 ...
 [ 0  2  0 ...  0  0  0]
 [ 0 14  0 ...  0  0  0]
 [ 0  0  0 ...  0  0  0]]
2024-09-06 23:40:07,654 - Discovery - ***** Test results *****
2024-09-06 23:40:07,654 - Discovery -   ACC = 73.02
2024-09-06 23:40:07,654 - Discovery -   ARI = 63.59
2024-09-06 23:40:07,654 - Discovery -   NMI = 88.68
2024-09-06 23:40:07,655 - Discovery - Testing finished...
2024-09-06 23:40:07,655 - Discovery - Results saved in results/results_DeepAligned_2mix_clinc_75_20240903.csv
2024-09-06 23:40:07,726 - Discovery - Open Intent Discovery Finished...
