2024-09-08 09:28:44,487 - Discovery - Open Intent Discovery Begin...
2024-09-08 09:28:44,487 - Discovery - Parameters Initialization...
2024-09-08 09:28:44,488 - Discovery - ============================== Params ==============================
2024-09-08 09:28:44,488 - Discovery - type:	open_intent_discovery
2024-09-08 09:28:44,488 - Discovery - logger_name:	Discovery
2024-09-08 09:28:44,488 - Discovery - log_dir:	logs
2024-09-08 09:28:44,488 - Discovery - dataset:	clinc
2024-09-08 09:28:44,488 - Discovery - known_cls_ratio:	0.75
2024-09-08 09:28:44,488 - Discovery - labeled_ratio:	0.1
2024-09-08 09:28:44,488 - Discovery - cluster_num_factor:	1.0
2024-09-08 09:28:44,488 - Discovery - method:	DeepAligned
2024-09-08 09:28:44,488 - Discovery - train:	True
2024-09-08 09:28:44,488 - Discovery - save_model:	False
2024-09-08 09:28:44,488 - Discovery - backbone:	bert_mix
2024-09-08 09:28:44,488 - Discovery - setting:	semi_supervised
2024-09-08 09:28:44,489 - Discovery - config_file_name:	DeepAligned
2024-09-08 09:28:44,489 - Discovery - seed:	8
2024-09-08 09:28:44,489 - Discovery - temp:	0.3
2024-09-08 09:28:44,489 - Discovery - gpu_id:	0
2024-09-08 09:28:44,489 - Discovery - pipe_results_path:	pipe_results
2024-09-08 09:28:44,489 - Discovery - data_dir:	/home/zhangpanpan/workspace/task/2022/09/testing/open_intent_discovery_20230417_bert_mix/../data
2024-09-08 09:28:44,489 - Discovery - output_dir:	/home/zhangpanpan/workspace/task/2022/09/testing/open_intent_discovery_20230417_bert_mix/../outputs
2024-09-08 09:28:44,489 - Discovery - model_dir:	models
2024-09-08 09:28:44,489 - Discovery - result_dir:	results
2024-09-08 09:28:44,489 - Discovery - results_file_name:	results_DeepAligned_2mix_clinc_75_20240903.csv
2024-09-08 09:28:44,489 - Discovery - save_results:	True
2024-09-08 09:28:44,489 - Discovery - task_output_dir:	/home/zhangpanpan/workspace/task/2022/09/testing/open_intent_discovery_20230417_bert_mix/../outputs/open_intent_discovery
2024-09-08 09:28:44,489 - Discovery - method_output_dir:	/home/zhangpanpan/workspace/task/2022/09/testing/open_intent_discovery_20230417_bert_mix/../outputs/open_intent_discovery/DeepAligned_clinc_0.75_0.1_bert_mix_8
2024-09-08 09:28:44,489 - Discovery - model_output_dir:	/home/zhangpanpan/workspace/task/2022/09/testing/open_intent_discovery_20230417_bert_mix/../outputs/open_intent_discovery/DeepAligned_clinc_0.75_0.1_bert_mix_8/models
2024-09-08 09:28:44,489 - Discovery - bert_model:	/home/zhangpanpan/downloads/lib/pretrained_models/uncased_L-12_H-768_A-12/
2024-09-08 09:28:44,489 - Discovery - max_seq_length:	None
2024-09-08 09:28:44,489 - Discovery - num_pretrain_epochs:	100
2024-09-08 09:28:44,489 - Discovery - num_train_epochs:	100
2024-09-08 09:28:44,489 - Discovery - num_labels:	None
2024-09-08 09:28:44,489 - Discovery - freeze_bert_parameters:	True
2024-09-08 09:28:44,489 - Discovery - feat_dim:	768
2024-09-08 09:28:44,489 - Discovery - warmup_proportion:	0.1
2024-09-08 09:28:44,489 - Discovery - lr_pre:	5e-05
2024-09-08 09:28:44,489 - Discovery - lr:	5e-05
2024-09-08 09:28:44,489 - Discovery - loss_fct:	CrossEntropyLoss
2024-09-08 09:28:44,490 - Discovery - activation:	tanh
2024-09-08 09:28:44,490 - Discovery - train_batch_size:	128
2024-09-08 09:28:44,490 - Discovery - eval_batch_size:	64
2024-09-08 09:28:44,490 - Discovery - test_batch_size:	64
2024-09-08 09:28:44,490 - Discovery - wait_patient:	20
2024-09-08 09:28:44,490 - Discovery - ============================== End Params ==============================
2024-09-08 09:28:44,490 - Discovery - Data and Model Preparation...
2024-09-08 09:28:44,491 - Discovery - The number of known intents is 112
2024-09-08 09:28:44,493 - Discovery - Lists of known labels are: ['apr', 'credit_limit_change', 'cook_time', 'what_are_your_hobbies', 'make_call', 'definition', 'change_speed', 'where_are_you_from', 'travel_alert', 'next_holiday', 'ingredients_list', 'credit_score', 'rollover_401k', 'greeting', 'text', 'whisper_mode', 'user_name', 'todo_list_update', 'meeting_schedule', 'transactions', 'how_old_are_you', 'account_blocked', 'meal_suggestion', 'pto_request', 'replacement_card_duration', 'accept_reservations', 'thank_you', 'application_status', 'car_rental', 'taxes', 'food_last', 'calendar', 'change_language', 'tire_change', 'pto_request_status', 'no', 'travel_suggestion', 'pto_balance', 'date', 'repeat', 'measurement_conversion', 'find_phone', 'oil_change_how', 'insurance_change', 'yes', 'goodbye', 'flip_coin', 'expiration_date', 'w2', 'shopping_list', 'smart_home', 'translate', 'change_volume', 'bill_due', 'jump_start', 'order', 'insurance', 'calculator', 'direct_deposit', 'nutrition_info', 'reset_settings', 'are_you_a_bot', 'report_lost_card', 'vaccines', 'oil_change_when', 'change_user_name', 'what_song', 'plug_type', 'ingredient_substitution', 'cancel_reservation', 'next_song', 'what_is_your_name', 'timer', 'carry_on', 'time', 'sync_device', 'reminder', 'new_card', 'damaged_card', 'balance', 'fun_fact', 'exchange_rate', 'income', 'what_can_i_ask_you', 'order_status', 'tell_joke', 'distance', 'todo_list', 'weather', 'directions', 'timezone', 'do_you_have_pets', 'alarm', 'restaurant_suggestion', 'bill_balance', 'lost_luggage', 'book_hotel', 'gas', 'reminder_update', 'credit_limit', 'spelling', 'mpg', 'change_ai_name', 'freeze_account', 'change_accent', 'current_location', 'play_music', 'last_maintenance', 'shopping_list_update', 'pto_used', 'recipe', 'cancel']
2024-09-08 09:28:52,277 - Discovery - Number of labeled training samples = 1344
2024-09-08 09:28:52,277 - Discovery - Number of unlabeled training samples = 16656
2024-09-08 09:28:52,296 - Discovery - Number of evaluation samples = 1680
2024-09-08 09:28:52,308 - Discovery - Number of testing samples = 2250
2024-09-08 09:29:07,783 - Discovery - Freeze all parameters but the last layer for efficiency
2024-09-08 09:29:23,122 - Discovery - Freeze all parameters but the last layer for efficiency
2024-09-08 09:29:23,302 - Discovery - Pre-raining start...
2024-09-08 09:29:24,780 - Discovery - ***** Epoch: 1: Eval results *****
2024-09-08 09:29:24,780 - Discovery -   best_score = 0
2024-09-08 09:29:24,780 - Discovery -   eval_score = 1.25
2024-09-08 09:29:24,780 - Discovery -   train_loss = 4.720035769722679
2024-09-08 09:29:26,259 - Discovery - ***** Epoch: 2: Eval results *****
2024-09-08 09:29:26,259 - Discovery -   best_score = 1.25
2024-09-08 09:29:26,259 - Discovery -   eval_score = 4.17
2024-09-08 09:29:26,259 - Discovery -   train_loss = 4.690400253642689
2024-09-08 09:29:27,747 - Discovery - ***** Epoch: 3: Eval results *****
2024-09-08 09:29:27,747 - Discovery -   best_score = 4.17
2024-09-08 09:29:27,747 - Discovery -   eval_score = 19.23
2024-09-08 09:29:27,747 - Discovery -   train_loss = 4.623657920143821
2024-09-08 09:29:29,227 - Discovery - ***** Epoch: 4: Eval results *****
2024-09-08 09:29:29,227 - Discovery -   best_score = 19.23
2024-09-08 09:29:29,227 - Discovery -   eval_score = 32.62
2024-09-08 09:29:29,228 - Discovery -   train_loss = 4.456048531965776
2024-09-08 09:29:30,707 - Discovery - ***** Epoch: 5: Eval results *****
2024-09-08 09:29:30,708 - Discovery -   best_score = 32.62
2024-09-08 09:29:30,708 - Discovery -   eval_score = 48.33
2024-09-08 09:29:30,708 - Discovery -   train_loss = 4.092898823998191
2024-09-08 09:29:32,180 - Discovery - ***** Epoch: 6: Eval results *****
2024-09-08 09:29:32,180 - Discovery -   best_score = 48.33
2024-09-08 09:29:32,180 - Discovery -   eval_score = 62.5
2024-09-08 09:29:32,180 - Discovery -   train_loss = 3.448592771183361
2024-09-08 09:29:33,646 - Discovery - ***** Epoch: 7: Eval results *****
2024-09-08 09:29:33,646 - Discovery -   best_score = 62.5
2024-09-08 09:29:33,646 - Discovery -   eval_score = 71.19
2024-09-08 09:29:33,646 - Discovery -   train_loss = 2.768057866529985
2024-09-08 09:29:35,122 - Discovery - ***** Epoch: 8: Eval results *****
2024-09-08 09:29:35,122 - Discovery -   best_score = 71.19
2024-09-08 09:29:35,122 - Discovery -   eval_score = 76.79
2024-09-08 09:29:35,123 - Discovery -   train_loss = 2.1629335555163296
2024-09-08 09:29:36,614 - Discovery - ***** Epoch: 9: Eval results *****
2024-09-08 09:29:36,614 - Discovery -   best_score = 76.79
2024-09-08 09:29:36,615 - Discovery -   eval_score = 81.07
2024-09-08 09:29:36,615 - Discovery -   train_loss = 1.6397534066980535
2024-09-08 09:29:36,645 - Discovery - Pre-training finished...
2024-09-08 09:29:36,667 - Discovery - Training Begin...
2024-09-08 09:44:10,824 - Discovery - ***** Epoch: 1: Eval results *****
2024-09-08 09:44:10,824 - Discovery -   best_cluster_silhouette_score = 0.18214163
2024-09-08 09:44:10,825 - Discovery -   cluster_silhouette_score = 0.18527262038073294
2024-09-08 09:44:10,825 - Discovery -   train_loss = 4.7622846508702485
2024-09-08 09:51:26,001 - Discovery - ***** Epoch: 2: Eval results *****
2024-09-08 09:51:26,001 - Discovery -   best_cluster_silhouette_score = 0.186202
2024-09-08 09:51:26,001 - Discovery -   cluster_silhouette_score = 0.1923916168235138
2024-09-08 09:51:26,001 - Discovery -   train_loss = 3.844347488795612
2024-09-08 09:58:39,164 - Discovery - ***** Epoch: 3: Eval results *****
2024-09-08 09:58:39,164 - Discovery -   best_cluster_silhouette_score = 0.19343914
2024-09-08 09:58:39,164 - Discovery -   cluster_silhouette_score = 0.20759257757944388
2024-09-08 09:58:39,164 - Discovery -   train_loss = 2.88025246106141
2024-09-08 10:05:46,826 - Discovery - ***** Epoch: 4: Eval results *****
2024-09-08 10:05:46,826 - Discovery -   best_cluster_silhouette_score = 0.208815
2024-09-08 10:05:46,826 - Discovery -   cluster_silhouette_score = 0.2360082817507132
2024-09-08 10:05:46,826 - Discovery -   train_loss = 2.0847184302959034
2024-09-08 10:12:37,148 - Discovery - ***** Epoch: 5: Eval results *****
2024-09-08 10:12:37,148 - Discovery -   best_cluster_silhouette_score = 0.2370734
2024-09-08 10:12:37,148 - Discovery -   cluster_silhouette_score = 0.274385990971676
2024-09-08 10:12:37,149 - Discovery -   train_loss = 1.545877066909844
2024-09-08 10:19:34,412 - Discovery - ***** Epoch: 6: Eval results *****
2024-09-08 10:19:34,412 - Discovery -   best_cluster_silhouette_score = 0.27576658
2024-09-08 10:19:34,412 - Discovery -   cluster_silhouette_score = 0.29924241917672867
2024-09-08 10:19:34,413 - Discovery -   train_loss = 1.1642185479191178
2024-09-08 10:26:20,422 - Discovery - ***** Epoch: 7: Eval results *****
2024-09-08 10:26:20,423 - Discovery -   best_cluster_silhouette_score = 0.30044696
2024-09-08 10:26:20,423 - Discovery -   cluster_silhouette_score = 0.3166199195266135
2024-09-08 10:26:20,423 - Discovery -   train_loss = 0.867743341212577
2024-09-08 10:33:08,609 - Discovery - ***** Epoch: 8: Eval results *****
2024-09-08 10:33:08,609 - Discovery -   best_cluster_silhouette_score = 0.31755024
2024-09-08 10:33:08,609 - Discovery -   cluster_silhouette_score = 0.34535523021435
2024-09-08 10:33:08,609 - Discovery -   train_loss = 0.7311777246336565
2024-09-08 10:40:08,352 - Discovery - ***** Epoch: 9: Eval results *****
2024-09-08 10:40:08,353 - Discovery -   best_cluster_silhouette_score = 0.34646764
2024-09-08 10:40:08,353 - Discovery -   cluster_silhouette_score = 0.37087358399609366
2024-09-08 10:40:08,353 - Discovery -   train_loss = 0.5780321647089424
2024-09-08 10:47:04,725 - Discovery - ***** Epoch: 10: Eval results *****
2024-09-08 10:47:04,725 - Discovery -   best_cluster_silhouette_score = 0.37221804
2024-09-08 10:47:04,725 - Discovery -   cluster_silhouette_score = 0.3858159785613118
2024-09-08 10:47:04,725 - Discovery -   train_loss = 0.46609055171621605
2024-09-08 10:53:55,926 - Discovery - ***** Epoch: 11: Eval results *****
2024-09-08 10:53:55,926 - Discovery -   best_cluster_silhouette_score = 0.38697267
2024-09-08 10:53:55,926 - Discovery -   cluster_silhouette_score = 0.3910478933378852
2024-09-08 10:53:55,926 - Discovery -   train_loss = 0.4147957078319915
2024-09-08 11:00:47,842 - Discovery - ***** Epoch: 12: Eval results *****
2024-09-08 11:00:47,842 - Discovery -   best_cluster_silhouette_score = 0.3921067
2024-09-08 11:00:47,842 - Discovery -   cluster_silhouette_score = 0.3992307877130896
2024-09-08 11:00:47,842 - Discovery -   train_loss = 0.372537059141389
2024-09-08 11:07:31,700 - Discovery - ***** Epoch: 13: Eval results *****
2024-09-08 11:07:31,700 - Discovery -   best_cluster_silhouette_score = 0.400247
2024-09-08 11:07:31,700 - Discovery -   cluster_silhouette_score = 0.40849388099793815
2024-09-08 11:07:31,700 - Discovery -   train_loss = 0.3524220038390329
2024-09-08 11:14:21,713 - Discovery - ***** Epoch: 14: Eval results *****
2024-09-08 11:14:21,714 - Discovery -   best_cluster_silhouette_score = 0.40956095
2024-09-08 11:14:21,714 - Discovery -   cluster_silhouette_score = 0.41431197946947035
2024-09-08 11:14:21,714 - Discovery -   train_loss = 0.3231646030718553
2024-09-08 11:21:09,304 - Discovery - ***** Epoch: 15: Eval results *****
2024-09-08 11:21:09,305 - Discovery -   best_cluster_silhouette_score = 0.4152791
2024-09-08 11:21:09,305 - Discovery -   cluster_silhouette_score = 0.4180606950073227
2024-09-08 11:21:09,305 - Discovery -   train_loss = 0.30568096295316166
2024-09-08 11:27:56,213 - Discovery - ***** Epoch: 16: Eval results *****
2024-09-08 11:27:56,214 - Discovery -   best_cluster_silhouette_score = 0.41901526
2024-09-08 11:27:56,214 - Discovery -   cluster_silhouette_score = 0.419886211606403
2024-09-08 11:27:56,214 - Discovery -   train_loss = 0.2802594094306019
2024-09-08 11:34:35,256 - Discovery - ***** Epoch: 17: Eval results *****
2024-09-08 11:34:35,256 - Discovery -   best_cluster_silhouette_score = 0.42074358
2024-09-08 11:34:35,256 - Discovery -   cluster_silhouette_score = 0.42008878622016815
2024-09-08 11:34:35,256 - Discovery -   train_loss = 0.2959766111581038
2024-09-08 11:41:14,628 - Discovery - ***** Epoch: 18: Eval results *****
2024-09-08 11:41:14,628 - Discovery -   best_cluster_silhouette_score = 0.42089424
2024-09-08 11:41:14,628 - Discovery -   cluster_silhouette_score = 0.4216194553910364
2024-09-08 11:41:14,629 - Discovery -   train_loss = 0.2949789692746832
2024-09-08 11:48:10,710 - Discovery - ***** Epoch: 19: Eval results *****
2024-09-08 11:48:10,710 - Discovery -   best_cluster_silhouette_score = 0.42244726
2024-09-08 11:48:10,710 - Discovery -   cluster_silhouette_score = 0.4334277521855161
2024-09-08 11:48:10,710 - Discovery -   train_loss = 0.2451463262451456
2024-09-08 11:55:06,066 - Discovery - ***** Epoch: 20: Eval results *****
2024-09-08 11:55:06,066 - Discovery -   best_cluster_silhouette_score = 0.43423706
2024-09-08 11:55:06,066 - Discovery -   cluster_silhouette_score = 0.438320715716825
2024-09-08 11:55:06,066 - Discovery -   train_loss = 0.2560602552290504
2024-09-08 12:01:44,899 - Discovery - ***** Epoch: 21: Eval results *****
2024-09-08 12:01:44,900 - Discovery -   best_cluster_silhouette_score = 0.43927392
2024-09-08 12:01:44,900 - Discovery -   cluster_silhouette_score = 0.44247687650417805
2024-09-08 12:01:44,900 - Discovery -   train_loss = 0.22699991751013074
2024-09-08 12:08:26,973 - Discovery - ***** Epoch: 22: Eval results *****
2024-09-08 12:08:26,974 - Discovery -   best_cluster_silhouette_score = 0.44336808
2024-09-08 12:08:26,974 - Discovery -   cluster_silhouette_score = 0.4487075930113101
2024-09-08 12:08:26,974 - Discovery -   train_loss = 0.23111221712109045
2020-03-14 00:00:15,394 - Discovery - ***** Epoch: 23: Eval results *****
2020-03-14 00:00:15,394 - Discovery -   best_cluster_silhouette_score = 0.44964275
2020-03-14 00:00:15,394 - Discovery -   cluster_silhouette_score = 0.4473716544870764
2020-03-14 00:00:15,394 - Discovery -   train_loss = 0.2375143901147741
2024-09-08 12:22:03,314 - Discovery - ***** Epoch: 24: Eval results *****
2024-09-08 12:22:03,314 - Discovery -   best_cluster_silhouette_score = 0.44964275
2024-09-08 12:22:03,314 - Discovery -   cluster_silhouette_score = 0.451368014875853
2024-09-08 12:22:03,315 - Discovery -   train_loss = 0.2364627316805488
2024-09-08 12:28:46,672 - Discovery - ***** Epoch: 25: Eval results *****
2024-09-08 12:28:46,672 - Discovery -   best_cluster_silhouette_score = 0.45231238
2024-09-08 12:28:46,673 - Discovery -   cluster_silhouette_score = 0.4500303334421219
2024-09-08 12:28:46,673 - Discovery -   train_loss = 0.22723417274706753
2024-09-08 12:35:25,708 - Discovery - ***** Epoch: 26: Eval results *****
2024-09-08 12:35:25,708 - Discovery -   best_cluster_silhouette_score = 0.45231238
2024-09-08 12:35:25,708 - Discovery -   cluster_silhouette_score = 0.4525572191823823
2024-09-08 12:35:25,708 - Discovery -   train_loss = 0.19609487125425473
2024-09-08 12:42:10,834 - Discovery - ***** Epoch: 27: Eval results *****
2024-09-08 12:42:10,835 - Discovery -   best_cluster_silhouette_score = 0.45343572
2024-09-08 12:42:10,835 - Discovery -   cluster_silhouette_score = 0.45458873541358863
2024-09-08 12:42:10,835 - Discovery -   train_loss = 0.21159443687251273
2024-09-08 12:48:56,430 - Discovery - ***** Epoch: 28: Eval results *****
2024-09-08 12:48:56,431 - Discovery -   best_cluster_silhouette_score = 0.4554349
2024-09-08 12:48:56,431 - Discovery -   cluster_silhouette_score = 0.45255857606227534
2024-09-08 12:48:56,431 - Discovery -   train_loss = 0.2139055370121983
2024-09-08 12:55:36,208 - Discovery - ***** Epoch: 29: Eval results *****
2024-09-08 12:55:36,208 - Discovery -   best_cluster_silhouette_score = 0.4554349
2024-09-08 12:55:36,208 - Discovery -   cluster_silhouette_score = 0.453017846100688
2024-09-08 12:55:36,208 - Discovery -   train_loss = 0.2084137331033852
2024-09-08 13:02:10,786 - Discovery - ***** Epoch: 30: Eval results *****
2024-09-08 13:02:10,786 - Discovery -   best_cluster_silhouette_score = 0.4554349
2024-09-08 13:02:10,786 - Discovery -   cluster_silhouette_score = 0.4599466291227617
2024-09-08 13:02:10,786 - Discovery -   train_loss = 0.19529922961765991
2024-09-08 13:08:44,797 - Discovery - ***** Epoch: 31: Eval results *****
2024-09-08 13:08:44,798 - Discovery -   best_cluster_silhouette_score = 0.46075666
2024-09-08 13:08:44,798 - Discovery -   cluster_silhouette_score = 0.46380643561037294
2024-09-08 13:08:44,798 - Discovery -   train_loss = 0.16210913959335774
2024-09-08 13:15:20,086 - Discovery - ***** Epoch: 32: Eval results *****
2024-09-08 13:15:20,087 - Discovery -   best_cluster_silhouette_score = 0.4646123
2024-09-08 13:15:20,087 - Discovery -   cluster_silhouette_score = 0.4588787578435564
2024-09-08 13:15:20,087 - Discovery -   train_loss = 0.20563620566687685
2024-09-08 13:22:04,125 - Discovery - ***** Epoch: 33: Eval results *****
2024-09-08 13:22:04,125 - Discovery -   best_cluster_silhouette_score = 0.4646123
2024-09-08 13:22:04,125 - Discovery -   cluster_silhouette_score = 0.46361865220089865
2024-09-08 13:22:04,125 - Discovery -   train_loss = 0.19478955389337338
2024-09-08 13:28:52,190 - Discovery - ***** Epoch: 34: Eval results *****
2024-09-08 13:28:52,190 - Discovery -   best_cluster_silhouette_score = 0.4646123
2024-09-08 13:28:52,190 - Discovery -   cluster_silhouette_score = 0.46028861040434005
2024-09-08 13:28:52,190 - Discovery -   train_loss = 0.1684532196175122
2024-09-08 13:35:31,684 - Discovery - ***** Epoch: 35: Eval results *****
2024-09-08 13:35:31,684 - Discovery -   best_cluster_silhouette_score = 0.4646123
2024-09-08 13:35:31,685 - Discovery -   cluster_silhouette_score = 0.4652850552654442
2024-09-08 13:35:31,685 - Discovery -   train_loss = 0.2128768394707788
2024-09-08 13:42:05,533 - Discovery - ***** Epoch: 36: Eval results *****
2024-09-08 13:42:05,533 - Discovery -   best_cluster_silhouette_score = 0.4660304
2024-09-08 13:42:05,533 - Discovery -   cluster_silhouette_score = 0.4625164570569413
2024-09-08 13:42:05,533 - Discovery -   train_loss = 0.15567593384824746
2024-09-08 13:48:46,450 - Discovery - ***** Epoch: 37: Eval results *****
2024-09-08 13:48:46,450 - Discovery -   best_cluster_silhouette_score = 0.4660304
2024-09-08 13:48:46,450 - Discovery -   cluster_silhouette_score = 0.46171944455864006
2024-09-08 13:48:46,450 - Discovery -   train_loss = 0.18359042381775295
2024-09-08 13:55:25,567 - Discovery - ***** Epoch: 38: Eval results *****
2024-09-08 13:55:25,568 - Discovery -   best_cluster_silhouette_score = 0.4660304
2024-09-08 13:55:25,568 - Discovery -   cluster_silhouette_score = 0.4523485120164117
2024-09-08 13:55:25,568 - Discovery -   train_loss = 0.18959557774958882
2024-09-08 14:02:06,155 - Discovery - ***** Epoch: 39: Eval results *****
2024-09-08 14:02:06,156 - Discovery -   best_cluster_silhouette_score = 0.4660304
2024-09-08 14:02:06,156 - Discovery -   cluster_silhouette_score = 0.4544192523653992
2024-09-08 14:02:06,156 - Discovery -   train_loss = 0.17847225867898753
2024-09-08 14:08:56,853 - Discovery - ***** Epoch: 40: Eval results *****
2024-09-08 14:08:56,853 - Discovery -   best_cluster_silhouette_score = 0.4660304
2024-09-08 14:08:56,853 - Discovery -   cluster_silhouette_score = 0.46331013351164163
2024-09-08 14:08:56,853 - Discovery -   train_loss = 0.19368818727262477
2024-09-08 14:15:37,567 - Discovery - ***** Epoch: 41: Eval results *****
2024-09-08 14:15:37,567 - Discovery -   best_cluster_silhouette_score = 0.4660304
2024-09-08 14:15:37,567 - Discovery -   cluster_silhouette_score = 0.46097372460415337
2024-09-08 14:15:37,567 - Discovery -   train_loss = 0.1594527630095786
2024-09-08 14:22:09,695 - Discovery - ***** Epoch: 42: Eval results *****
2024-09-08 14:22:09,695 - Discovery -   best_cluster_silhouette_score = 0.4660304
2024-09-08 14:22:09,695 - Discovery -   cluster_silhouette_score = 0.45700570953945074
2024-09-08 14:22:09,695 - Discovery -   train_loss = 0.22662181008263682
2024-09-08 14:29:01,400 - Discovery - ***** Epoch: 43: Eval results *****
2024-09-08 14:29:01,400 - Discovery -   best_cluster_silhouette_score = 0.4660304
2024-09-08 14:29:01,400 - Discovery -   cluster_silhouette_score = 0.46256583817683705
2024-09-08 14:29:01,400 - Discovery -   train_loss = 0.16925491038577775
2024-09-08 14:35:37,407 - Discovery - ***** Epoch: 44: Eval results *****
2024-09-08 14:35:37,407 - Discovery -   best_cluster_silhouette_score = 0.4660304
2024-09-08 14:35:37,407 - Discovery -   cluster_silhouette_score = 0.45519741222144555
2024-09-08 14:35:37,408 - Discovery -   train_loss = 0.19559153079563843
2024-09-08 14:42:00,584 - Discovery - ***** Epoch: 45: Eval results *****
2024-09-08 14:42:00,584 - Discovery -   best_cluster_silhouette_score = 0.4660304
2024-09-08 14:42:00,584 - Discovery -   cluster_silhouette_score = 0.46093949982279225
2024-09-08 14:42:00,584 - Discovery -   train_loss = 0.1953075258655751
2024-09-08 14:48:40,910 - Discovery - ***** Epoch: 46: Eval results *****
2024-09-08 14:48:40,910 - Discovery -   best_cluster_silhouette_score = 0.4660304
2024-09-08 14:48:40,910 - Discovery -   cluster_silhouette_score = 0.4692518383117978
2024-09-08 14:48:40,910 - Discovery -   train_loss = 0.19324717839770283
2024-09-08 14:55:15,840 - Discovery - ***** Epoch: 47: Eval results *****
2024-09-08 14:55:15,841 - Discovery -   best_cluster_silhouette_score = 0.47003287
2024-09-08 14:55:15,841 - Discovery -   cluster_silhouette_score = 0.46395963172822235
2024-09-08 14:55:15,841 - Discovery -   train_loss = 0.15861337970123224
2024-09-08 15:01:49,255 - Discovery - ***** Epoch: 48: Eval results *****
2024-09-08 15:01:49,255 - Discovery -   best_cluster_silhouette_score = 0.47003287
2024-09-08 15:01:49,255 - Discovery -   cluster_silhouette_score = 0.47370405603916643
2024-09-08 15:01:49,255 - Discovery -   train_loss = 0.17779843931925213
2024-09-08 15:08:28,693 - Discovery - ***** Epoch: 49: Eval results *****
2024-09-08 15:08:28,694 - Discovery -   best_cluster_silhouette_score = 0.4744717
2024-09-08 15:08:28,694 - Discovery -   cluster_silhouette_score = 0.469157859867196
2024-09-08 15:08:28,694 - Discovery -   train_loss = 0.13616895657164832
2024-09-08 15:14:59,533 - Discovery - ***** Epoch: 50: Eval results *****
2024-09-08 15:14:59,533 - Discovery -   best_cluster_silhouette_score = 0.4744717
2024-09-08 15:14:59,533 - Discovery -   cluster_silhouette_score = 0.4664518864197778
2024-09-08 15:14:59,533 - Discovery -   train_loss = 0.19579399321624574
2022-11-13 00:00:22,338 - Discovery - ***** Epoch: 51: Eval results *****
2022-11-13 00:00:22,338 - Discovery -   best_cluster_silhouette_score = 0.4744717
2022-11-13 00:00:22,338 - Discovery -   cluster_silhouette_score = 0.47386468134941284
2022-11-13 00:00:22,338 - Discovery -   train_loss = 0.18523025626303458
2017-07-17 00:00:32,630 - Discovery - ***** Epoch: 52: Eval results *****
2017-07-17 00:00:32,630 - Discovery -   best_cluster_silhouette_score = 0.47464475
2017-07-17 00:00:32,630 - Discovery -   cluster_silhouette_score = 0.4721057710158265
2017-07-17 00:00:32,630 - Discovery -   train_loss = 0.19095171353918441
2016-06-07 00:00:39,244 - Discovery - ***** Epoch: 53: Eval results *****
2016-06-07 00:00:39,244 - Discovery -   best_cluster_silhouette_score = 0.47464475
2016-06-07 00:00:39,244 - Discovery -   cluster_silhouette_score = 0.46499778918400797
2016-06-07 00:00:39,244 - Discovery -   train_loss = 0.204911248533861
2024-09-08 15:41:38,146 - Discovery - ***** Epoch: 54: Eval results *****
2024-09-08 15:41:38,147 - Discovery -   best_cluster_silhouette_score = 0.47464475
2024-09-08 15:41:38,147 - Discovery -   cluster_silhouette_score = 0.46464913391317414
2024-09-08 15:41:38,147 - Discovery -   train_loss = 0.20817271514353178
2024-09-08 15:48:16,509 - Discovery - ***** Epoch: 55: Eval results *****
2024-09-08 15:48:16,509 - Discovery -   best_cluster_silhouette_score = 0.47464475
2024-09-08 15:48:16,510 - Discovery -   cluster_silhouette_score = 0.4615550553243238
2024-09-08 15:48:16,510 - Discovery -   train_loss = 0.22762942890114818
2024-09-08 15:54:55,821 - Discovery - ***** Epoch: 56: Eval results *****
2024-09-08 15:54:55,821 - Discovery -   best_cluster_silhouette_score = 0.47464475
2024-09-08 15:54:55,821 - Discovery -   cluster_silhouette_score = 0.471350282596441
2024-09-08 15:54:55,821 - Discovery -   train_loss = 0.189500528262228
2024-09-08 16:01:30,120 - Discovery - ***** Epoch: 57: Eval results *****
2024-09-08 16:01:30,120 - Discovery -   best_cluster_silhouette_score = 0.47464475
2024-09-08 16:01:30,120 - Discovery -   cluster_silhouette_score = 0.4733631992247396
2024-09-08 16:01:30,120 - Discovery -   train_loss = 0.17064901232613738
2024-09-08 16:08:01,959 - Discovery - ***** Epoch: 58: Eval results *****
2024-09-08 16:08:01,960 - Discovery -   best_cluster_silhouette_score = 0.47464475
2024-09-08 16:08:01,960 - Discovery -   cluster_silhouette_score = 0.47352318680329586
2024-09-08 16:08:01,960 - Discovery -   train_loss = 0.1445481281278404
2024-09-08 16:14:45,677 - Discovery - ***** Epoch: 59: Eval results *****
2024-09-08 16:14:45,677 - Discovery -   best_cluster_silhouette_score = 0.47464475
2024-09-08 16:14:45,677 - Discovery -   cluster_silhouette_score = 0.46617448978599296
2024-09-08 16:14:45,677 - Discovery -   train_loss = 0.18377336719674423
2024-09-08 16:21:16,568 - Discovery - ***** Epoch: 60: Eval results *****
2024-09-08 16:21:16,569 - Discovery -   best_cluster_silhouette_score = 0.47464475
2024-09-08 16:21:16,569 - Discovery -   cluster_silhouette_score = 0.46428494497039546
2024-09-08 16:21:16,569 - Discovery -   train_loss = 0.18380387843394955
2024-09-08 16:27:56,548 - Discovery - ***** Epoch: 61: Eval results *****
2024-09-08 16:27:56,548 - Discovery -   best_cluster_silhouette_score = 0.47464475
2024-09-08 16:27:56,548 - Discovery -   cluster_silhouette_score = 0.4680241964108687
2024-09-08 16:27:56,548 - Discovery -   train_loss = 0.21156782625203438
2024-09-08 16:34:44,356 - Discovery - ***** Epoch: 62: Eval results *****
2024-09-08 16:34:44,356 - Discovery -   best_cluster_silhouette_score = 0.47464475
2024-09-08 16:34:44,356 - Discovery -   cluster_silhouette_score = 0.4651724106479465
2024-09-08 16:34:44,356 - Discovery -   train_loss = 0.19990639441402247
2024-09-08 16:41:18,926 - Discovery - ***** Epoch: 63: Eval results *****
2024-09-08 16:41:18,926 - Discovery -   best_cluster_silhouette_score = 0.47464475
2024-09-08 16:41:18,926 - Discovery -   cluster_silhouette_score = 0.4709204264595276
2024-09-08 16:41:18,926 - Discovery -   train_loss = 0.17501048939236513
2024-09-08 16:48:00,923 - Discovery - ***** Epoch: 64: Eval results *****
2024-09-08 16:48:00,923 - Discovery -   best_cluster_silhouette_score = 0.47464475
2024-09-08 16:48:00,923 - Discovery -   cluster_silhouette_score = 0.47365823099904986
2024-09-08 16:48:00,923 - Discovery -   train_loss = 0.1591559018649108
2024-09-08 16:54:40,767 - Discovery - ***** Epoch: 65: Eval results *****
2024-09-08 16:54:40,767 - Discovery -   best_cluster_silhouette_score = 0.47464475
2024-09-08 16:54:40,767 - Discovery -   cluster_silhouette_score = 0.47757816189967306
2024-09-08 16:54:40,767 - Discovery -   train_loss = 0.17724613964240601
2024-09-08 17:01:56,825 - Discovery - ***** Epoch: 66: Eval results *****
2024-09-08 17:01:56,825 - Discovery -   best_cluster_silhouette_score = 0.47824544
2024-09-08 17:01:56,825 - Discovery -   cluster_silhouette_score = 0.4742228701002424
2024-09-08 17:01:56,825 - Discovery -   train_loss = 0.16146146586653612
2024-09-08 17:08:45,593 - Discovery - ***** Epoch: 67: Eval results *****
2024-09-08 17:08:45,593 - Discovery -   best_cluster_silhouette_score = 0.47824544
2024-09-08 17:08:45,593 - Discovery -   cluster_silhouette_score = 0.46724261854349164
2024-09-08 17:08:45,593 - Discovery -   train_loss = 0.15566958822574176
2024-09-08 17:15:25,071 - Discovery - ***** Epoch: 68: Eval results *****
2024-09-08 17:15:25,071 - Discovery -   best_cluster_silhouette_score = 0.47824544
2024-09-08 17:15:25,071 - Discovery -   cluster_silhouette_score = 0.4722679303255472
2024-09-08 17:15:25,072 - Discovery -   train_loss = 0.2381096025202291
2024-09-08 17:21:50,960 - Discovery - ***** Epoch: 69: Eval results *****
2024-09-08 17:21:50,961 - Discovery -   best_cluster_silhouette_score = 0.47824544
2024-09-08 17:21:50,961 - Discovery -   cluster_silhouette_score = 0.4692256438011014
2024-09-08 17:21:50,961 - Discovery -   train_loss = 0.23055261753975076
2024-09-08 17:28:32,657 - Discovery - ***** Epoch: 70: Eval results *****
2024-09-08 17:28:32,658 - Discovery -   best_cluster_silhouette_score = 0.47824544
2024-09-08 17:28:32,658 - Discovery -   cluster_silhouette_score = 0.4700067505177335
2024-09-08 17:28:32,658 - Discovery -   train_loss = 0.2054631861441947
2024-09-08 17:35:12,040 - Discovery - ***** Epoch: 71: Eval results *****
2024-09-08 17:35:12,041 - Discovery -   best_cluster_silhouette_score = 0.47824544
2024-09-08 17:35:12,041 - Discovery -   cluster_silhouette_score = 0.4681271141482738
2024-09-08 17:35:12,041 - Discovery -   train_loss = 0.20897899111006277
2024-09-08 17:41:52,544 - Discovery - ***** Epoch: 72: Eval results *****
2024-09-08 17:41:52,545 - Discovery -   best_cluster_silhouette_score = 0.47824544
2024-09-08 17:41:52,545 - Discovery -   cluster_silhouette_score = 0.46476754851134866
2024-09-08 17:41:52,545 - Discovery -   train_loss = 0.2399964339978306
2024-09-08 17:48:32,695 - Discovery - ***** Epoch: 73: Eval results *****
2024-09-08 17:48:32,696 - Discovery -   best_cluster_silhouette_score = 0.47824544
2024-09-08 17:48:32,696 - Discovery -   cluster_silhouette_score = 0.46014896550842227
2024-09-08 17:48:32,696 - Discovery -   train_loss = 0.21910515242645925
2024-09-08 17:55:10,303 - Discovery - ***** Epoch: 74: Eval results *****
2024-09-08 17:55:10,303 - Discovery -   best_cluster_silhouette_score = 0.47824544
2024-09-08 17:55:10,303 - Discovery -   cluster_silhouette_score = 0.4623910979804661
2024-09-08 17:55:10,304 - Discovery -   train_loss = 0.2256300800763969
2024-09-08 18:01:41,794 - Discovery - ***** Epoch: 75: Eval results *****
2024-09-08 18:01:41,794 - Discovery -   best_cluster_silhouette_score = 0.47824544
2024-09-08 18:01:41,794 - Discovery -   cluster_silhouette_score = 0.46303670226953825
2024-09-08 18:01:41,794 - Discovery -   train_loss = 0.3046200671200211
2024-09-08 18:08:20,582 - Discovery - ***** Epoch: 76: Eval results *****
2024-09-08 18:08:20,582 - Discovery -   best_cluster_silhouette_score = 0.47824544
2024-09-08 18:08:20,582 - Discovery -   cluster_silhouette_score = 0.45981717359802315
2024-09-08 18:08:20,582 - Discovery -   train_loss = 0.18421480836386375
2024-09-08 18:14:56,880 - Discovery - ***** Epoch: 77: Eval results *****
2024-09-08 18:14:56,880 - Discovery -   best_cluster_silhouette_score = 0.47824544
2024-09-08 18:14:56,880 - Discovery -   cluster_silhouette_score = 0.4560874342094343
2024-09-08 18:14:56,880 - Discovery -   train_loss = 0.3106741649461976
2024-09-08 18:21:37,366 - Discovery - ***** Epoch: 78: Eval results *****
2024-09-08 18:21:37,367 - Discovery -   best_cluster_silhouette_score = 0.47824544
2024-09-08 18:21:37,367 - Discovery -   cluster_silhouette_score = 0.4565310119458841
2024-09-08 18:21:37,367 - Discovery -   train_loss = 0.2735449350472038
2024-09-08 18:28:16,418 - Discovery - ***** Epoch: 79: Eval results *****
2024-09-08 18:28:16,418 - Discovery -   best_cluster_silhouette_score = 0.47824544
2024-09-08 18:28:16,418 - Discovery -   cluster_silhouette_score = 0.44905854756767044
2024-09-08 18:28:16,419 - Discovery -   train_loss = 0.25356551851575254
2024-09-08 18:34:47,434 - Discovery - ***** Epoch: 80: Eval results *****
2024-09-08 18:34:47,434 - Discovery -   best_cluster_silhouette_score = 0.47824544
2024-09-08 18:34:47,434 - Discovery -   cluster_silhouette_score = 0.4583722593923842
2024-09-08 18:34:47,435 - Discovery -   train_loss = 0.27260105480961766
2024-09-08 18:41:29,941 - Discovery - ***** Epoch: 81: Eval results *****
2024-09-08 18:41:29,941 - Discovery -   best_cluster_silhouette_score = 0.47824544
2024-09-08 18:41:29,941 - Discovery -   cluster_silhouette_score = 0.45800396016995115
2024-09-08 18:41:29,941 - Discovery -   train_loss = 0.2119349277717002
2024-09-08 18:48:09,252 - Discovery - ***** Epoch: 82: Eval results *****
2024-09-08 18:48:09,252 - Discovery -   best_cluster_silhouette_score = 0.47824544
2024-09-08 18:48:09,252 - Discovery -   cluster_silhouette_score = 0.4681002812872357
2024-09-08 18:48:09,252 - Discovery -   train_loss = 0.2703403014663263
2024-09-08 18:54:56,301 - Discovery - ***** Epoch: 83: Eval results *****
2024-09-08 18:54:56,301 - Discovery -   best_cluster_silhouette_score = 0.47824544
2024-09-08 18:54:56,301 - Discovery -   cluster_silhouette_score = 0.4541944270293456
2024-09-08 18:54:56,301 - Discovery -   train_loss = 0.2713462267572998
2024-09-08 19:01:31,518 - Discovery - ***** Epoch: 84: Eval results *****
2024-09-08 19:01:31,518 - Discovery -   best_cluster_silhouette_score = 0.47824544
2024-09-08 19:01:31,518 - Discovery -   cluster_silhouette_score = 0.45319840087193597
2024-09-08 19:01:31,518 - Discovery -   train_loss = 0.3980767157800654
2024-09-08 19:08:22,013 - Discovery - ***** Epoch: 85: Eval results *****
2024-09-08 19:08:22,013 - Discovery -   best_cluster_silhouette_score = 0.47824544
2024-09-08 19:08:22,013 - Discovery -   cluster_silhouette_score = 0.4473691460115528
2024-09-08 19:08:22,013 - Discovery -   train_loss = 0.29033974394307915
2024-09-08 19:08:22,014 - Discovery - Training Finished...
2024-09-08 19:08:22,014 - Discovery - Testing begin...
2024-09-08 19:09:28,724 - Discovery - ***** Test: Confusion Matrix *****
2024-09-08 19:09:28,725 - Discovery - [[0 0 0 ... 0 0 0]
 [0 0 0 ... 0 0 0]
 [0 0 0 ... 0 0 0]
 ...
 [0 0 0 ... 0 0 0]
 [0 0 0 ... 0 0 0]
 [0 0 0 ... 0 0 0]]
2024-09-08 19:09:28,725 - Discovery - ***** Test results *****
2024-09-08 19:09:28,725 - Discovery -   ACC = 73.33
2024-09-08 19:09:28,725 - Discovery -   ARI = 63.15
2024-09-08 19:09:28,725 - Discovery -   NMI = 88.36
2024-09-08 19:09:28,725 - Discovery - Testing finished...
2024-09-08 19:09:28,725 - Discovery - Results saved in results/results_DeepAligned_2mix_clinc_75_20240903.csv
2024-09-08 19:09:28,791 - Discovery - Open Intent Discovery Finished...
